21:10:13,570 DEBUG ServicoVotacao:26 - Criando um objeto de ControleVotacao.
21:10:13,576 DEBUG GenericDao:66 - Criando o objeto GenericDao
21:10:13,611  INFO CassandraHostRetryService:37 - Downed Host Retry service started with queue size -1 and retry delay 10s
21:10:13,620 DEBUG HThriftClient:142 - Transport open status false for client CassandraClient<localhost:9160-1>
21:10:13,620 DEBUG HThriftClient:105 - Creating a new thrift connection to localhost(127.0.0.1):9160
21:10:13,623 DEBUG HThriftClient:142 - Transport open status false for client CassandraClient<localhost:9160-2>
21:10:13,623 DEBUG HThriftClient:105 - Creating a new thrift connection to localhost(127.0.0.1):9160
21:10:13,624 DEBUG HThriftClient:142 - Transport open status false for client CassandraClient<localhost:9160-3>
21:10:13,624 DEBUG HThriftClient:105 - Creating a new thrift connection to localhost(127.0.0.1):9160
21:10:13,624 DEBUG HThriftClient:142 - Transport open status false for client CassandraClient<localhost:9160-4>
21:10:13,625 DEBUG HThriftClient:105 - Creating a new thrift connection to localhost(127.0.0.1):9160
21:10:13,625 DEBUG HThriftClient:142 - Transport open status false for client CassandraClient<localhost:9160-5>
21:10:13,625 DEBUG HThriftClient:105 - Creating a new thrift connection to localhost(127.0.0.1):9160
21:10:13,625 DEBUG HThriftClient:142 - Transport open status false for client CassandraClient<localhost:9160-6>
21:10:13,626 DEBUG HThriftClient:105 - Creating a new thrift connection to localhost(127.0.0.1):9160
21:10:13,626 DEBUG HThriftClient:142 - Transport open status false for client CassandraClient<localhost:9160-7>
21:10:13,627 DEBUG HThriftClient:105 - Creating a new thrift connection to localhost(127.0.0.1):9160
21:10:13,628 DEBUG HThriftClient:142 - Transport open status false for client CassandraClient<localhost:9160-8>
21:10:13,628 DEBUG HThriftClient:105 - Creating a new thrift connection to localhost(127.0.0.1):9160
21:10:13,628 DEBUG HThriftClient:142 - Transport open status false for client CassandraClient<localhost:9160-9>
21:10:13,628 DEBUG HThriftClient:105 - Creating a new thrift connection to localhost(127.0.0.1):9160
21:10:13,629 DEBUG HThriftClient:142 - Transport open status false for client CassandraClient<localhost:9160-10>
21:10:13,629 DEBUG HThriftClient:105 - Creating a new thrift connection to localhost(127.0.0.1):9160
21:10:13,630 DEBUG HThriftClient:142 - Transport open status false for client CassandraClient<localhost:9160-11>
21:10:13,630 DEBUG HThriftClient:105 - Creating a new thrift connection to localhost(127.0.0.1):9160
21:10:13,630 DEBUG HThriftClient:142 - Transport open status false for client CassandraClient<localhost:9160-12>
21:10:13,631 DEBUG HThriftClient:105 - Creating a new thrift connection to localhost(127.0.0.1):9160
21:10:13,631 DEBUG HThriftClient:142 - Transport open status false for client CassandraClient<localhost:9160-13>
21:10:13,631 DEBUG HThriftClient:105 - Creating a new thrift connection to localhost(127.0.0.1):9160
21:10:13,632 DEBUG HThriftClient:142 - Transport open status false for client CassandraClient<localhost:9160-14>
21:10:13,632 DEBUG HThriftClient:105 - Creating a new thrift connection to localhost(127.0.0.1):9160
21:10:13,632 DEBUG HThriftClient:142 - Transport open status false for client CassandraClient<localhost:9160-15>
21:10:13,632 DEBUG HThriftClient:105 - Creating a new thrift connection to localhost(127.0.0.1):9160
21:10:13,633 DEBUG HThriftClient:142 - Transport open status false for client CassandraClient<localhost:9160-16>
21:10:13,633 DEBUG HThriftClient:105 - Creating a new thrift connection to localhost(127.0.0.1):9160
21:10:13,633 DEBUG ConcurrentHClientPool:46 - Concurrent Host pool started with 16 active clients; max: 50 exhausted wait: 0
21:10:13,637  INFO JmxMonitor:54 - Registering JMX me.prettyprint.cassandra.service_local:ServiceType=globo,MonitorType=hector
21:10:13,651 DEBUG HThriftClient:142 - Transport open status true for client CassandraClient<localhost:9160-1>
21:10:13,705 DEBUG HThriftClient:142 - Transport open status true for client CassandraClient<localhost:9160-1>
21:10:13,706 DEBUG ConcurrentHClientPool:225 - Status of releaseClient CassandraClient<localhost:9160-1> to queue: true
21:10:13,706 DEBUG ServicoVotacao:33 - Classe ServicoVotacao instanciada.
21:10:13,708 DEBUG ServicoVotacao:41 - Método votar da classe ServicoVotacao acionado.
21:10:13,709 DEBUG ServicoVotacao:35 - Votando no participante: P1
21:10:13,709 DEBUG GenericDao:118 - Inserindo um voto para:P1
21:10:13,729 DEBUG HThriftClient:142 - Transport open status true for client CassandraClient<localhost:9160-2>
21:10:13,737 DEBUG HThriftClient:65 - keyspace reseting from null to bbb_app
21:10:13,753 DEBUG HThriftClient:142 - Transport open status true for client CassandraClient<localhost:9160-2>
21:10:13,754 DEBUG ConcurrentHClientPool:225 - Status of releaseClient CassandraClient<localhost:9160-2> to queue: true
21:10:15,877 DEBUG ServicoVotacao:26 - Criando um objeto de ControleVotacao.
21:10:15,878 DEBUG ServicoVotacao:33 - Classe ServicoVotacao instanciada.
21:10:15,879 DEBUG ServicoVotacao:41 - Método votar da classe ServicoVotacao acionado.
21:10:15,880 DEBUG ServicoVotacao:35 - Votando no participante: P2
21:10:15,880 DEBUG GenericDao:118 - Inserindo um voto para:P2
21:10:15,881 DEBUG HThriftClient:142 - Transport open status true for client CassandraClient<localhost:9160-3>
21:10:15,882 DEBUG HThriftClient:65 - keyspace reseting from null to bbb_app
21:10:15,886 DEBUG HThriftClient:142 - Transport open status true for client CassandraClient<localhost:9160-3>
21:10:15,887 DEBUG ConcurrentHClientPool:225 - Status of releaseClient CassandraClient<localhost:9160-3> to queue: true
21:10:23,610 DEBUG CassandraHostRetryService:103 - Retry service fired... nothing to do.
21:28:36,322 DEBUG ServicoVotacao:26 - Criando um objeto de ControleVotacao.
21:28:36,326 DEBUG GenericDao:66 - Criando o objeto GenericDao
21:28:36,351  INFO CassandraHostRetryService:37 - Downed Host Retry service started with queue size -1 and retry delay 10s
21:28:36,359 DEBUG HThriftClient:142 - Transport open status false for client CassandraClient<localhost:9160-1>
21:28:36,359 DEBUG HThriftClient:105 - Creating a new thrift connection to localhost(127.0.0.1):9160
21:28:36,361 DEBUG HThriftClient:142 - Transport open status false for client CassandraClient<localhost:9160-2>
21:28:36,362 DEBUG HThriftClient:105 - Creating a new thrift connection to localhost(127.0.0.1):9160
21:28:36,362 DEBUG HThriftClient:142 - Transport open status false for client CassandraClient<localhost:9160-3>
21:28:36,362 DEBUG HThriftClient:105 - Creating a new thrift connection to localhost(127.0.0.1):9160
21:28:36,362 DEBUG HThriftClient:142 - Transport open status false for client CassandraClient<localhost:9160-4>
21:28:36,363 DEBUG HThriftClient:105 - Creating a new thrift connection to localhost(127.0.0.1):9160
21:28:36,363 DEBUG HThriftClient:142 - Transport open status false for client CassandraClient<localhost:9160-5>
21:28:36,363 DEBUG HThriftClient:105 - Creating a new thrift connection to localhost(127.0.0.1):9160
21:28:36,364 DEBUG HThriftClient:142 - Transport open status false for client CassandraClient<localhost:9160-6>
21:28:36,364 DEBUG HThriftClient:105 - Creating a new thrift connection to localhost(127.0.0.1):9160
21:28:36,364 DEBUG HThriftClient:142 - Transport open status false for client CassandraClient<localhost:9160-7>
21:28:36,365 DEBUG HThriftClient:105 - Creating a new thrift connection to localhost(127.0.0.1):9160
21:28:36,365 DEBUG HThriftClient:142 - Transport open status false for client CassandraClient<localhost:9160-8>
21:28:36,365 DEBUG HThriftClient:105 - Creating a new thrift connection to localhost(127.0.0.1):9160
21:28:36,366 DEBUG HThriftClient:142 - Transport open status false for client CassandraClient<localhost:9160-9>
21:28:36,366 DEBUG HThriftClient:105 - Creating a new thrift connection to localhost(127.0.0.1):9160
21:28:36,366 DEBUG HThriftClient:142 - Transport open status false for client CassandraClient<localhost:9160-10>
21:28:36,366 DEBUG HThriftClient:105 - Creating a new thrift connection to localhost(127.0.0.1):9160
21:28:36,367 DEBUG HThriftClient:142 - Transport open status false for client CassandraClient<localhost:9160-11>
21:28:36,367 DEBUG HThriftClient:105 - Creating a new thrift connection to localhost(127.0.0.1):9160
21:28:36,367 DEBUG HThriftClient:142 - Transport open status false for client CassandraClient<localhost:9160-12>
21:28:36,367 DEBUG HThriftClient:105 - Creating a new thrift connection to localhost(127.0.0.1):9160
21:28:36,368 DEBUG HThriftClient:142 - Transport open status false for client CassandraClient<localhost:9160-13>
21:28:36,368 DEBUG HThriftClient:105 - Creating a new thrift connection to localhost(127.0.0.1):9160
21:28:36,368 DEBUG HThriftClient:142 - Transport open status false for client CassandraClient<localhost:9160-14>
21:28:36,368 DEBUG HThriftClient:105 - Creating a new thrift connection to localhost(127.0.0.1):9160
21:28:36,368 DEBUG HThriftClient:142 - Transport open status false for client CassandraClient<localhost:9160-15>
21:28:36,369 DEBUG HThriftClient:105 - Creating a new thrift connection to localhost(127.0.0.1):9160
21:28:36,369 DEBUG HThriftClient:142 - Transport open status false for client CassandraClient<localhost:9160-16>
21:28:36,369 DEBUG HThriftClient:105 - Creating a new thrift connection to localhost(127.0.0.1):9160
21:28:36,369 DEBUG ConcurrentHClientPool:46 - Concurrent Host pool started with 16 active clients; max: 50 exhausted wait: 0
21:28:36,372  INFO JmxMonitor:54 - Registering JMX me.prettyprint.cassandra.service_local:ServiceType=globo,MonitorType=hector
21:28:36,382 DEBUG HThriftClient:142 - Transport open status true for client CassandraClient<localhost:9160-1>
21:28:36,425 DEBUG HThriftClient:142 - Transport open status true for client CassandraClient<localhost:9160-1>
21:28:36,426 DEBUG ConcurrentHClientPool:225 - Status of releaseClient CassandraClient<localhost:9160-1> to queue: true
21:28:36,426 DEBUG ServicoVotacao:33 - Classe ServicoVotacao instanciada.
21:28:36,428 DEBUG ServicoVotacao:41 - Método votar da classe ServicoVotacao acionado.
21:28:36,428 DEBUG ServicoVotacao:35 - Votando no participante: P1
21:28:36,428 DEBUG GenericDao:118 - Inserindo um voto para:P1
21:28:36,442 DEBUG HThriftClient:142 - Transport open status true for client CassandraClient<localhost:9160-2>
21:28:36,445 DEBUG HThriftClient:65 - keyspace reseting from null to bbb_app
21:28:36,466 DEBUG HThriftClient:142 - Transport open status true for client CassandraClient<localhost:9160-2>
21:28:36,466 DEBUG ConcurrentHClientPool:225 - Status of releaseClient CassandraClient<localhost:9160-2> to queue: true
21:28:46,350 DEBUG CassandraHostRetryService:103 - Retry service fired... nothing to do.
21:28:56,353 DEBUG CassandraHostRetryService:103 - Retry service fired... nothing to do.
21:29:06,354 DEBUG CassandraHostRetryService:103 - Retry service fired... nothing to do.
21:29:16,355 DEBUG CassandraHostRetryService:103 - Retry service fired... nothing to do.
21:29:26,356 DEBUG CassandraHostRetryService:103 - Retry service fired... nothing to do.
21:29:36,357 DEBUG CassandraHostRetryService:103 - Retry service fired... nothing to do.
21:29:46,358 DEBUG CassandraHostRetryService:103 - Retry service fired... nothing to do.
21:29:56,359 DEBUG CassandraHostRetryService:103 - Retry service fired... nothing to do.
21:30:06,359 DEBUG CassandraHostRetryService:103 - Retry service fired... nothing to do.
21:30:16,360 DEBUG CassandraHostRetryService:103 - Retry service fired... nothing to do.
21:30:26,362 DEBUG CassandraHostRetryService:103 - Retry service fired... nothing to do.
21:30:36,363 DEBUG CassandraHostRetryService:103 - Retry service fired... nothing to do.
21:30:46,364 DEBUG CassandraHostRetryService:103 - Retry service fired... nothing to do.
21:30:56,365 DEBUG CassandraHostRetryService:103 - Retry service fired... nothing to do.
21:31:06,366 DEBUG CassandraHostRetryService:103 - Retry service fired... nothing to do.
21:31:16,367 DEBUG CassandraHostRetryService:103 - Retry service fired... nothing to do.
21:31:26,368 DEBUG CassandraHostRetryService:103 - Retry service fired... nothing to do.
21:31:36,369 DEBUG CassandraHostRetryService:103 - Retry service fired... nothing to do.
21:31:46,370 DEBUG CassandraHostRetryService:103 - Retry service fired... nothing to do.
21:31:56,370 DEBUG CassandraHostRetryService:103 - Retry service fired... nothing to do.
21:32:06,371 DEBUG CassandraHostRetryService:103 - Retry service fired... nothing to do.
21:32:16,372 DEBUG CassandraHostRetryService:103 - Retry service fired... nothing to do.
21:32:26,373 DEBUG CassandraHostRetryService:103 - Retry service fired... nothing to do.
21:32:36,374 DEBUG CassandraHostRetryService:103 - Retry service fired... nothing to do.
21:32:46,375 DEBUG CassandraHostRetryService:103 - Retry service fired... nothing to do.
21:32:56,375 DEBUG CassandraHostRetryService:103 - Retry service fired... nothing to do.
21:33:06,376 DEBUG CassandraHostRetryService:103 - Retry service fired... nothing to do.
21:33:16,377 DEBUG CassandraHostRetryService:103 - Retry service fired... nothing to do.
21:33:26,378 DEBUG CassandraHostRetryService:103 - Retry service fired... nothing to do.
21:33:36,378 DEBUG CassandraHostRetryService:103 - Retry service fired... nothing to do.
21:33:46,379 DEBUG CassandraHostRetryService:103 - Retry service fired... nothing to do.
21:33:56,380 DEBUG CassandraHostRetryService:103 - Retry service fired... nothing to do.
21:34:06,381 DEBUG CassandraHostRetryService:103 - Retry service fired... nothing to do.
21:34:16,382 DEBUG CassandraHostRetryService:103 - Retry service fired... nothing to do.
21:34:26,383 DEBUG CassandraHostRetryService:103 - Retry service fired... nothing to do.
21:34:36,384 DEBUG CassandraHostRetryService:103 - Retry service fired... nothing to do.
21:34:46,385 DEBUG CassandraHostRetryService:103 - Retry service fired... nothing to do.
21:34:56,386 DEBUG CassandraHostRetryService:103 - Retry service fired... nothing to do.
21:35:06,387 DEBUG CassandraHostRetryService:103 - Retry service fired... nothing to do.
21:35:16,388 DEBUG CassandraHostRetryService:103 - Retry service fired... nothing to do.
21:35:26,389 DEBUG CassandraHostRetryService:103 - Retry service fired... nothing to do.
21:35:36,390 DEBUG CassandraHostRetryService:103 - Retry service fired... nothing to do.
21:35:46,391 DEBUG CassandraHostRetryService:103 - Retry service fired... nothing to do.
21:35:56,392 DEBUG CassandraHostRetryService:103 - Retry service fired... nothing to do.
21:36:06,393 DEBUG CassandraHostRetryService:103 - Retry service fired... nothing to do.
21:36:16,394 DEBUG CassandraHostRetryService:103 - Retry service fired... nothing to do.
21:36:26,395 DEBUG CassandraHostRetryService:103 - Retry service fired... nothing to do.
21:36:36,396 DEBUG CassandraHostRetryService:103 - Retry service fired... nothing to do.
21:36:46,396 DEBUG CassandraHostRetryService:103 - Retry service fired... nothing to do.
21:36:56,397 DEBUG CassandraHostRetryService:103 - Retry service fired... nothing to do.
21:37:06,398 DEBUG CassandraHostRetryService:103 - Retry service fired... nothing to do.
21:37:16,399 DEBUG CassandraHostRetryService:103 - Retry service fired... nothing to do.
21:37:26,400 DEBUG CassandraHostRetryService:103 - Retry service fired... nothing to do.
21:37:36,401 DEBUG CassandraHostRetryService:103 - Retry service fired... nothing to do.
21:37:46,402 DEBUG CassandraHostRetryService:103 - Retry service fired... nothing to do.
21:37:56,403 DEBUG CassandraHostRetryService:103 - Retry service fired... nothing to do.
21:38:06,404 DEBUG CassandraHostRetryService:103 - Retry service fired... nothing to do.
21:38:16,405 DEBUG CassandraHostRetryService:103 - Retry service fired... nothing to do.
21:38:26,406 DEBUG CassandraHostRetryService:103 - Retry service fired... nothing to do.
21:38:36,407 DEBUG CassandraHostRetryService:103 - Retry service fired... nothing to do.
21:38:46,408 DEBUG CassandraHostRetryService:103 - Retry service fired... nothing to do.
21:38:56,408 DEBUG CassandraHostRetryService:103 - Retry service fired... nothing to do.
21:39:06,409 DEBUG CassandraHostRetryService:103 - Retry service fired... nothing to do.
21:39:16,410 DEBUG CassandraHostRetryService:103 - Retry service fired... nothing to do.
21:39:26,411 DEBUG CassandraHostRetryService:103 - Retry service fired... nothing to do.
21:39:36,412 DEBUG CassandraHostRetryService:103 - Retry service fired... nothing to do.
21:39:46,413 DEBUG CassandraHostRetryService:103 - Retry service fired... nothing to do.
21:39:56,414 DEBUG CassandraHostRetryService:103 - Retry service fired... nothing to do.
21:40:06,415 DEBUG CassandraHostRetryService:103 - Retry service fired... nothing to do.
21:40:16,416 DEBUG CassandraHostRetryService:103 - Retry service fired... nothing to do.
21:40:26,417 DEBUG CassandraHostRetryService:103 - Retry service fired... nothing to do.
21:40:36,418 DEBUG CassandraHostRetryService:103 - Retry service fired... nothing to do.
21:40:46,419 DEBUG CassandraHostRetryService:103 - Retry service fired... nothing to do.
21:40:56,420 DEBUG CassandraHostRetryService:103 - Retry service fired... nothing to do.
21:41:06,420 DEBUG CassandraHostRetryService:103 - Retry service fired... nothing to do.
21:41:16,422 DEBUG CassandraHostRetryService:103 - Retry service fired... nothing to do.
21:41:26,422 DEBUG CassandraHostRetryService:103 - Retry service fired... nothing to do.
21:41:36,423 DEBUG CassandraHostRetryService:103 - Retry service fired... nothing to do.
21:41:46,424 DEBUG CassandraHostRetryService:103 - Retry service fired... nothing to do.
21:41:56,425 DEBUG CassandraHostRetryService:103 - Retry service fired... nothing to do.
21:42:06,426 DEBUG CassandraHostRetryService:103 - Retry service fired... nothing to do.
21:42:16,427 DEBUG CassandraHostRetryService:103 - Retry service fired... nothing to do.
21:42:26,428 DEBUG CassandraHostRetryService:103 - Retry service fired... nothing to do.
21:42:36,428 DEBUG CassandraHostRetryService:103 - Retry service fired... nothing to do.
21:42:46,429 DEBUG CassandraHostRetryService:103 - Retry service fired... nothing to do.
21:42:56,430 DEBUG CassandraHostRetryService:103 - Retry service fired... nothing to do.
21:43:06,431 DEBUG CassandraHostRetryService:103 - Retry service fired... nothing to do.
21:43:16,432 DEBUG CassandraHostRetryService:103 - Retry service fired... nothing to do.
21:43:26,433 DEBUG CassandraHostRetryService:103 - Retry service fired... nothing to do.
21:43:36,434 DEBUG CassandraHostRetryService:103 - Retry service fired... nothing to do.
21:43:46,434 DEBUG CassandraHostRetryService:103 - Retry service fired... nothing to do.
21:43:56,435 DEBUG CassandraHostRetryService:103 - Retry service fired... nothing to do.
21:44:06,436 DEBUG CassandraHostRetryService:103 - Retry service fired... nothing to do.
21:44:16,437 DEBUG CassandraHostRetryService:103 - Retry service fired... nothing to do.
21:44:26,438 DEBUG CassandraHostRetryService:103 - Retry service fired... nothing to do.
21:44:36,439 DEBUG CassandraHostRetryService:103 - Retry service fired... nothing to do.
21:44:46,440 DEBUG CassandraHostRetryService:103 - Retry service fired... nothing to do.
21:44:56,441 DEBUG CassandraHostRetryService:103 - Retry service fired... nothing to do.
21:45:06,442 DEBUG CassandraHostRetryService:103 - Retry service fired... nothing to do.
21:45:16,443 DEBUG CassandraHostRetryService:103 - Retry service fired... nothing to do.
21:45:26,444 DEBUG CassandraHostRetryService:103 - Retry service fired... nothing to do.
21:45:36,445 DEBUG CassandraHostRetryService:103 - Retry service fired... nothing to do.
21:45:46,446 DEBUG CassandraHostRetryService:103 - Retry service fired... nothing to do.
21:45:56,447 DEBUG CassandraHostRetryService:103 - Retry service fired... nothing to do.
21:46:06,448 DEBUG CassandraHostRetryService:103 - Retry service fired... nothing to do.
21:46:16,448 DEBUG CassandraHostRetryService:103 - Retry service fired... nothing to do.
21:46:26,449 DEBUG CassandraHostRetryService:103 - Retry service fired... nothing to do.
21:46:36,450 DEBUG CassandraHostRetryService:103 - Retry service fired... nothing to do.
21:46:46,451 DEBUG CassandraHostRetryService:103 - Retry service fired... nothing to do.
21:46:56,452 DEBUG CassandraHostRetryService:103 - Retry service fired... nothing to do.
21:47:06,453 DEBUG CassandraHostRetryService:103 - Retry service fired... nothing to do.
21:47:16,454 DEBUG CassandraHostRetryService:103 - Retry service fired... nothing to do.
21:47:26,455 DEBUG CassandraHostRetryService:103 - Retry service fired... nothing to do.
21:47:36,456 DEBUG CassandraHostRetryService:103 - Retry service fired... nothing to do.
21:47:46,457 DEBUG CassandraHostRetryService:103 - Retry service fired... nothing to do.
21:47:56,458 DEBUG CassandraHostRetryService:103 - Retry service fired... nothing to do.
21:48:06,459 DEBUG CassandraHostRetryService:103 - Retry service fired... nothing to do.
21:48:16,460 DEBUG CassandraHostRetryService:103 - Retry service fired... nothing to do.
21:48:26,460 DEBUG CassandraHostRetryService:103 - Retry service fired... nothing to do.
21:48:36,461 DEBUG CassandraHostRetryService:103 - Retry service fired... nothing to do.
21:48:46,462 DEBUG CassandraHostRetryService:103 - Retry service fired... nothing to do.
21:48:56,462 DEBUG CassandraHostRetryService:103 - Retry service fired... nothing to do.
21:49:06,463 DEBUG CassandraHostRetryService:103 - Retry service fired... nothing to do.
21:49:16,464 DEBUG CassandraHostRetryService:103 - Retry service fired... nothing to do.
21:49:26,465 DEBUG CassandraHostRetryService:103 - Retry service fired... nothing to do.
21:49:36,466 DEBUG CassandraHostRetryService:103 - Retry service fired... nothing to do.
21:49:46,467 DEBUG CassandraHostRetryService:103 - Retry service fired... nothing to do.
21:49:56,467 DEBUG CassandraHostRetryService:103 - Retry service fired... nothing to do.
21:50:06,468 DEBUG CassandraHostRetryService:103 - Retry service fired... nothing to do.
21:50:16,469 DEBUG CassandraHostRetryService:103 - Retry service fired... nothing to do.
21:50:26,470 DEBUG CassandraHostRetryService:103 - Retry service fired... nothing to do.
21:50:36,471 DEBUG CassandraHostRetryService:103 - Retry service fired... nothing to do.
21:50:46,472 DEBUG CassandraHostRetryService:103 - Retry service fired... nothing to do.
21:50:56,473 DEBUG CassandraHostRetryService:103 - Retry service fired... nothing to do.
21:51:06,474 DEBUG CassandraHostRetryService:103 - Retry service fired... nothing to do.
21:51:16,475 DEBUG CassandraHostRetryService:103 - Retry service fired... nothing to do.
21:51:26,476 DEBUG CassandraHostRetryService:103 - Retry service fired... nothing to do.
21:51:36,477 DEBUG CassandraHostRetryService:103 - Retry service fired... nothing to do.
21:51:46,477 DEBUG CassandraHostRetryService:103 - Retry service fired... nothing to do.
21:51:56,478 DEBUG CassandraHostRetryService:103 - Retry service fired... nothing to do.
21:52:06,479 DEBUG CassandraHostRetryService:103 - Retry service fired... nothing to do.
21:52:16,480 DEBUG CassandraHostRetryService:103 - Retry service fired... nothing to do.
21:52:26,481 DEBUG CassandraHostRetryService:103 - Retry service fired... nothing to do.
21:52:36,482 DEBUG CassandraHostRetryService:103 - Retry service fired... nothing to do.
21:52:46,483 DEBUG CassandraHostRetryService:103 - Retry service fired... nothing to do.
21:52:56,484 DEBUG CassandraHostRetryService:103 - Retry service fired... nothing to do.
21:53:06,485 DEBUG CassandraHostRetryService:103 - Retry service fired... nothing to do.
21:53:16,486 DEBUG CassandraHostRetryService:103 - Retry service fired... nothing to do.
21:53:26,487 DEBUG CassandraHostRetryService:103 - Retry service fired... nothing to do.
21:53:36,488 DEBUG CassandraHostRetryService:103 - Retry service fired... nothing to do.
21:53:46,489 DEBUG CassandraHostRetryService:103 - Retry service fired... nothing to do.
21:53:56,490 DEBUG CassandraHostRetryService:103 - Retry service fired... nothing to do.
21:54:06,491 DEBUG CassandraHostRetryService:103 - Retry service fired... nothing to do.
21:54:16,492 DEBUG CassandraHostRetryService:103 - Retry service fired... nothing to do.
21:54:26,492 DEBUG CassandraHostRetryService:103 - Retry service fired... nothing to do.
21:54:36,493 DEBUG CassandraHostRetryService:103 - Retry service fired... nothing to do.
21:54:46,493 DEBUG CassandraHostRetryService:103 - Retry service fired... nothing to do.
21:54:56,494 DEBUG CassandraHostRetryService:103 - Retry service fired... nothing to do.
21:55:06,495 DEBUG CassandraHostRetryService:103 - Retry service fired... nothing to do.
21:55:16,496 DEBUG CassandraHostRetryService:103 - Retry service fired... nothing to do.
21:55:26,497 DEBUG CassandraHostRetryService:103 - Retry service fired... nothing to do.
21:55:36,498 DEBUG CassandraHostRetryService:103 - Retry service fired... nothing to do.
21:55:46,499 DEBUG CassandraHostRetryService:103 - Retry service fired... nothing to do.
21:55:56,499 DEBUG CassandraHostRetryService:103 - Retry service fired... nothing to do.
21:56:06,500 DEBUG CassandraHostRetryService:103 - Retry service fired... nothing to do.
21:56:16,501 DEBUG CassandraHostRetryService:103 - Retry service fired... nothing to do.
21:56:26,503 DEBUG CassandraHostRetryService:103 - Retry service fired... nothing to do.
21:56:36,503 DEBUG CassandraHostRetryService:103 - Retry service fired... nothing to do.
21:56:46,504 DEBUG CassandraHostRetryService:103 - Retry service fired... nothing to do.
21:56:56,505 DEBUG CassandraHostRetryService:103 - Retry service fired... nothing to do.
21:57:06,506 DEBUG CassandraHostRetryService:103 - Retry service fired... nothing to do.
21:57:16,507 DEBUG CassandraHostRetryService:103 - Retry service fired... nothing to do.
21:57:26,508 DEBUG CassandraHostRetryService:103 - Retry service fired... nothing to do.
21:57:36,508 DEBUG CassandraHostRetryService:103 - Retry service fired... nothing to do.
21:57:46,509 DEBUG CassandraHostRetryService:103 - Retry service fired... nothing to do.
21:57:56,510 DEBUG CassandraHostRetryService:103 - Retry service fired... nothing to do.
21:58:06,511 DEBUG CassandraHostRetryService:103 - Retry service fired... nothing to do.
21:58:16,512 DEBUG CassandraHostRetryService:103 - Retry service fired... nothing to do.
21:58:26,513 DEBUG CassandraHostRetryService:103 - Retry service fired... nothing to do.
21:58:36,514 DEBUG CassandraHostRetryService:103 - Retry service fired... nothing to do.
21:58:46,515 DEBUG CassandraHostRetryService:103 - Retry service fired... nothing to do.
21:58:56,516 DEBUG CassandraHostRetryService:103 - Retry service fired... nothing to do.
21:59:06,517 DEBUG CassandraHostRetryService:103 - Retry service fired... nothing to do.
21:59:16,518 DEBUG CassandraHostRetryService:103 - Retry service fired... nothing to do.
21:59:26,519 DEBUG CassandraHostRetryService:103 - Retry service fired... nothing to do.
21:59:36,519 DEBUG CassandraHostRetryService:103 - Retry service fired... nothing to do.
21:59:46,520 DEBUG CassandraHostRetryService:103 - Retry service fired... nothing to do.
21:59:56,521 DEBUG CassandraHostRetryService:103 - Retry service fired... nothing to do.
22:00:06,522 DEBUG CassandraHostRetryService:103 - Retry service fired... nothing to do.
22:00:16,523 DEBUG CassandraHostRetryService:103 - Retry service fired... nothing to do.
22:00:26,524 DEBUG CassandraHostRetryService:103 - Retry service fired... nothing to do.
22:00:36,525 DEBUG CassandraHostRetryService:103 - Retry service fired... nothing to do.
22:00:46,526 DEBUG CassandraHostRetryService:103 - Retry service fired... nothing to do.
22:00:56,527 DEBUG CassandraHostRetryService:103 - Retry service fired... nothing to do.
22:01:06,528 DEBUG CassandraHostRetryService:103 - Retry service fired... nothing to do.
22:01:16,529 DEBUG CassandraHostRetryService:103 - Retry service fired... nothing to do.
22:01:26,530 DEBUG CassandraHostRetryService:103 - Retry service fired... nothing to do.
22:01:36,531 DEBUG CassandraHostRetryService:103 - Retry service fired... nothing to do.
22:01:46,531 DEBUG CassandraHostRetryService:103 - Retry service fired... nothing to do.
22:01:56,532 DEBUG CassandraHostRetryService:103 - Retry service fired... nothing to do.
22:02:06,533 DEBUG CassandraHostRetryService:103 - Retry service fired... nothing to do.
22:02:16,533 DEBUG CassandraHostRetryService:103 - Retry service fired... nothing to do.
22:02:26,534 DEBUG CassandraHostRetryService:103 - Retry service fired... nothing to do.
22:02:36,534 DEBUG CassandraHostRetryService:103 - Retry service fired... nothing to do.
22:02:46,535 DEBUG CassandraHostRetryService:103 - Retry service fired... nothing to do.
22:02:56,536 DEBUG CassandraHostRetryService:103 - Retry service fired... nothing to do.
22:03:06,537 DEBUG CassandraHostRetryService:103 - Retry service fired... nothing to do.
22:03:16,538 DEBUG CassandraHostRetryService:103 - Retry service fired... nothing to do.
22:03:26,539 DEBUG CassandraHostRetryService:103 - Retry service fired... nothing to do.
22:03:36,539 DEBUG CassandraHostRetryService:103 - Retry service fired... nothing to do.
22:03:46,539 DEBUG CassandraHostRetryService:103 - Retry service fired... nothing to do.
22:03:56,540 DEBUG CassandraHostRetryService:103 - Retry service fired... nothing to do.
22:04:06,540 DEBUG CassandraHostRetryService:103 - Retry service fired... nothing to do.
22:04:16,541 DEBUG CassandraHostRetryService:103 - Retry service fired... nothing to do.
22:04:26,542 DEBUG CassandraHostRetryService:103 - Retry service fired... nothing to do.
22:04:36,543 DEBUG CassandraHostRetryService:103 - Retry service fired... nothing to do.
22:04:46,544 DEBUG CassandraHostRetryService:103 - Retry service fired... nothing to do.
22:04:56,545 DEBUG CassandraHostRetryService:103 - Retry service fired... nothing to do.
22:05:06,546 DEBUG CassandraHostRetryService:103 - Retry service fired... nothing to do.
22:05:16,547 DEBUG CassandraHostRetryService:103 - Retry service fired... nothing to do.
22:05:26,548 DEBUG CassandraHostRetryService:103 - Retry service fired... nothing to do.
22:05:36,548 DEBUG CassandraHostRetryService:103 - Retry service fired... nothing to do.
22:05:46,549 DEBUG CassandraHostRetryService:103 - Retry service fired... nothing to do.
22:05:56,550 DEBUG CassandraHostRetryService:103 - Retry service fired... nothing to do.
22:06:06,551 DEBUG CassandraHostRetryService:103 - Retry service fired... nothing to do.
22:06:16,552 DEBUG CassandraHostRetryService:103 - Retry service fired... nothing to do.
22:06:26,552 DEBUG CassandraHostRetryService:103 - Retry service fired... nothing to do.
22:06:36,553 DEBUG CassandraHostRetryService:103 - Retry service fired... nothing to do.
22:06:46,553 DEBUG CassandraHostRetryService:103 - Retry service fired... nothing to do.
22:06:56,553 DEBUG CassandraHostRetryService:103 - Retry service fired... nothing to do.
22:07:06,554 DEBUG CassandraHostRetryService:103 - Retry service fired... nothing to do.
22:07:16,555 DEBUG CassandraHostRetryService:103 - Retry service fired... nothing to do.
22:07:26,556 DEBUG CassandraHostRetryService:103 - Retry service fired... nothing to do.
22:07:36,557 DEBUG CassandraHostRetryService:103 - Retry service fired... nothing to do.
22:07:46,557 DEBUG CassandraHostRetryService:103 - Retry service fired... nothing to do.
22:07:56,558 DEBUG CassandraHostRetryService:103 - Retry service fired... nothing to do.
22:08:06,559 DEBUG CassandraHostRetryService:103 - Retry service fired... nothing to do.
22:08:16,560 DEBUG CassandraHostRetryService:103 - Retry service fired... nothing to do.
22:08:26,560 DEBUG CassandraHostRetryService:103 - Retry service fired... nothing to do.
22:08:36,561 DEBUG CassandraHostRetryService:103 - Retry service fired... nothing to do.
22:08:46,561 DEBUG CassandraHostRetryService:103 - Retry service fired... nothing to do.
22:08:56,562 DEBUG CassandraHostRetryService:103 - Retry service fired... nothing to do.
22:09:06,562 DEBUG CassandraHostRetryService:103 - Retry service fired... nothing to do.
22:09:16,563 DEBUG CassandraHostRetryService:103 - Retry service fired... nothing to do.
22:09:26,563 DEBUG CassandraHostRetryService:103 - Retry service fired... nothing to do.
22:09:36,564 DEBUG CassandraHostRetryService:103 - Retry service fired... nothing to do.
22:09:46,564 DEBUG CassandraHostRetryService:103 - Retry service fired... nothing to do.
22:09:56,565 DEBUG CassandraHostRetryService:103 - Retry service fired... nothing to do.
22:10:06,565 DEBUG CassandraHostRetryService:103 - Retry service fired... nothing to do.
22:10:16,566 DEBUG CassandraHostRetryService:103 - Retry service fired... nothing to do.
22:10:26,566 DEBUG CassandraHostRetryService:103 - Retry service fired... nothing to do.
22:10:36,566 DEBUG CassandraHostRetryService:103 - Retry service fired... nothing to do.
22:10:46,567 DEBUG CassandraHostRetryService:103 - Retry service fired... nothing to do.
22:10:56,567 DEBUG CassandraHostRetryService:103 - Retry service fired... nothing to do.
22:11:06,568 DEBUG CassandraHostRetryService:103 - Retry service fired... nothing to do.
22:11:16,569 DEBUG CassandraHostRetryService:103 - Retry service fired... nothing to do.
22:11:26,569 DEBUG CassandraHostRetryService:103 - Retry service fired... nothing to do.
22:11:36,570 DEBUG CassandraHostRetryService:103 - Retry service fired... nothing to do.
22:11:46,571 DEBUG CassandraHostRetryService:103 - Retry service fired... nothing to do.
22:11:56,572 DEBUG CassandraHostRetryService:103 - Retry service fired... nothing to do.
22:12:06,572 DEBUG CassandraHostRetryService:103 - Retry service fired... nothing to do.
22:12:16,573 DEBUG CassandraHostRetryService:103 - Retry service fired... nothing to do.
22:12:26,574 DEBUG CassandraHostRetryService:103 - Retry service fired... nothing to do.
22:12:36,574 DEBUG CassandraHostRetryService:103 - Retry service fired... nothing to do.
22:12:46,574 DEBUG CassandraHostRetryService:103 - Retry service fired... nothing to do.
22:12:56,576 DEBUG CassandraHostRetryService:103 - Retry service fired... nothing to do.
22:13:06,576 DEBUG CassandraHostRetryService:103 - Retry service fired... nothing to do.
22:13:16,577 DEBUG CassandraHostRetryService:103 - Retry service fired... nothing to do.
22:13:26,578 DEBUG CassandraHostRetryService:103 - Retry service fired... nothing to do.
22:13:36,578 DEBUG CassandraHostRetryService:103 - Retry service fired... nothing to do.
22:13:46,579 DEBUG CassandraHostRetryService:103 - Retry service fired... nothing to do.
22:13:56,579 DEBUG CassandraHostRetryService:103 - Retry service fired... nothing to do.
22:14:06,580 DEBUG CassandraHostRetryService:103 - Retry service fired... nothing to do.
22:14:16,580 DEBUG CassandraHostRetryService:103 - Retry service fired... nothing to do.
22:14:26,581 DEBUG CassandraHostRetryService:103 - Retry service fired... nothing to do.
22:14:36,582 DEBUG CassandraHostRetryService:103 - Retry service fired... nothing to do.
22:14:46,582 DEBUG CassandraHostRetryService:103 - Retry service fired... nothing to do.
22:14:56,583 DEBUG CassandraHostRetryService:103 - Retry service fired... nothing to do.
22:15:06,584 DEBUG CassandraHostRetryService:103 - Retry service fired... nothing to do.
22:15:16,585 DEBUG CassandraHostRetryService:103 - Retry service fired... nothing to do.
22:15:26,586 DEBUG CassandraHostRetryService:103 - Retry service fired... nothing to do.
22:15:36,586 DEBUG CassandraHostRetryService:103 - Retry service fired... nothing to do.
22:15:46,587 DEBUG CassandraHostRetryService:103 - Retry service fired... nothing to do.
22:15:56,587 DEBUG CassandraHostRetryService:103 - Retry service fired... nothing to do.
22:16:06,587 DEBUG CassandraHostRetryService:103 - Retry service fired... nothing to do.
22:16:16,588 DEBUG CassandraHostRetryService:103 - Retry service fired... nothing to do.
22:16:26,588 DEBUG CassandraHostRetryService:103 - Retry service fired... nothing to do.
22:16:36,589 DEBUG CassandraHostRetryService:103 - Retry service fired... nothing to do.
