Oct 30, 2012 8:35:28 PM org.apache.catalina.core.AprLifecycleListener init
INFO: The APR based Apache Tomcat Native library which allows optimal performance in production environments was not found on the java.library.path: /usr/java/packages/lib/amd64:/usr/lib64:/lib64:/lib:/usr/lib
Oct 30, 2012 8:35:28 PM org.apache.coyote.AbstractProtocol init
INFO: Initializing ProtocolHandler ["http-bio-8080"]
Oct 30, 2012 8:35:28 PM org.apache.coyote.AbstractProtocol init
INFO: Initializing ProtocolHandler ["ajp-bio-8009"]
Oct 30, 2012 8:35:28 PM org.apache.catalina.startup.Catalina load
INFO: Initialization processed in 403 ms
Oct 30, 2012 8:35:28 PM org.apache.catalina.core.StandardService startInternal
INFO: Starting service Catalina
Oct 30, 2012 8:35:28 PM org.apache.catalina.core.StandardEngine startInternal
INFO: Starting Servlet Engine: Apache Tomcat/7.0.32
Oct 30, 2012 8:35:28 PM org.apache.catalina.startup.HostConfig deployDirectory
INFO: Deploying web application directory /home/marcos/projetos/apache-tomcat-7.0.32/webapps/docs
Oct 30, 2012 8:35:28 PM org.apache.catalina.startup.HostConfig deployDirectory
INFO: Deploying web application directory /home/marcos/projetos/apache-tomcat-7.0.32/webapps/ROOT
Oct 30, 2012 8:35:28 PM org.apache.catalina.startup.HostConfig deployDirectory
INFO: Deploying web application directory /home/marcos/projetos/apache-tomcat-7.0.32/webapps/manager
Oct 30, 2012 8:35:28 PM org.apache.catalina.startup.HostConfig deployDirectory
INFO: Deploying web application directory /home/marcos/projetos/apache-tomcat-7.0.32/webapps/examples
Oct 30, 2012 8:35:29 PM org.apache.catalina.startup.HostConfig deployDirectory
INFO: Deploying web application directory /home/marcos/projetos/apache-tomcat-7.0.32/webapps/host-manager
Oct 30, 2012 8:35:29 PM org.apache.coyote.AbstractProtocol start
INFO: Starting ProtocolHandler ["http-bio-8080"]
Oct 30, 2012 8:35:29 PM org.apache.coyote.AbstractProtocol start
INFO: Starting ProtocolHandler ["ajp-bio-8009"]
Oct 30, 2012 8:35:29 PM org.apache.catalina.startup.Catalina start
INFO: Server startup in 448 ms
Oct 30, 2012 8:36:09 PM org.apache.catalina.startup.HostConfig deployWAR
INFO: Deploying web application archive /home/marcos/projetos/apache-tomcat-7.0.32/webapps/globo-0.0.1-SNAPSHOT.war
Oct 30, 2012 8:36:09 PM org.apache.catalina.loader.WebappClassLoader validateJarFile
INFO: validateJarFile(/home/marcos/projetos/apache-tomcat-7.0.32/webapps/globo-0.0.1-SNAPSHOT/WEB-INF/lib/servlet-api-2.5-20081211.jar) - jar not loaded. See Servlet Spec 2.3, section 9.7.2. Offending class: javax/servlet/Servlet.class
Oct 30, 2012 8:36:09 PM org.apache.catalina.loader.WebappClassLoader validateJarFile
INFO: validateJarFile(/home/marcos/projetos/apache-tomcat-7.0.32/webapps/globo-0.0.1-SNAPSHOT/WEB-INF/lib/servlet-api-2.5.jar) - jar not loaded. See Servlet Spec 2.3, section 9.7.2. Offending class: javax/servlet/Servlet.class
Oct 30, 2012 8:36:10 PM com.sun.jersey.api.core.PackagesResourceConfig init
INFO: Scanning for root resource and provider classes in the packages:
  com.globo.servico
Oct 30, 2012 8:36:10 PM com.sun.jersey.api.core.ScanningResourceConfig logClasses
INFO: Root resource classes found:
  class com.globo.servico.ServicoVotacao
Oct 30, 2012 8:36:10 PM com.sun.jersey.api.core.ScanningResourceConfig init
INFO: No provider classes found.
Oct 30, 2012 8:36:10 PM com.sun.jersey.server.impl.application.WebApplicationImpl _initiate
INFO: Initiating Jersey application, version 'Jersey: 1.14 09/09/2012 07:21 PM'
Oct 30, 2012 8:47:11 PM org.apache.catalina.startup.HostConfig deleteRedeployResources
INFO: Undeploying context [/globo-0.0.1-SNAPSHOT]
Oct 30, 2012 8:47:11 PM org.apache.catalina.startup.HostConfig deployWAR
INFO: Deploying web application archive /home/marcos/projetos/apache-tomcat-7.0.32/webapps/globo-0.0.1-SNAPSHOT.war
Oct 30, 2012 8:47:11 PM org.apache.catalina.loader.WebappClassLoader validateJarFile
INFO: validateJarFile(/home/marcos/projetos/apache-tomcat-7.0.32/webapps/globo-0.0.1-SNAPSHOT/WEB-INF/lib/servlet-api-2.5-20081211.jar) - jar not loaded. See Servlet Spec 2.3, section 9.7.2. Offending class: javax/servlet/Servlet.class
Oct 30, 2012 8:47:11 PM org.apache.catalina.loader.WebappClassLoader validateJarFile
INFO: validateJarFile(/home/marcos/projetos/apache-tomcat-7.0.32/webapps/globo-0.0.1-SNAPSHOT/WEB-INF/lib/servlet-api-2.5.jar) - jar not loaded. See Servlet Spec 2.3, section 9.7.2. Offending class: javax/servlet/Servlet.class
Oct 30, 2012 8:47:12 PM com.sun.jersey.api.core.PackagesResourceConfig init
INFO: Scanning for root resource and provider classes in the packages:
  com.globo.servico
Oct 30, 2012 8:47:13 PM com.sun.jersey.api.core.ScanningResourceConfig logClasses
INFO: Root resource classes found:
  class com.globo.servico.ServicoVotacao
Oct 30, 2012 8:47:13 PM com.sun.jersey.api.core.ScanningResourceConfig init
INFO: No provider classes found.
Oct 30, 2012 8:47:13 PM com.sun.jersey.server.impl.application.WebApplicationImpl _initiate
INFO: Initiating Jersey application, version 'Jersey: 1.14 09/09/2012 07:21 PM'
Oct 30, 2012 8:48:26 PM org.apache.catalina.core.AprLifecycleListener init
INFO: The APR based Apache Tomcat Native library which allows optimal performance in production environments was not found on the java.library.path: /usr/java/packages/lib/amd64:/usr/lib64:/lib64:/lib:/usr/lib
Oct 30, 2012 8:48:26 PM org.apache.coyote.AbstractProtocol init
INFO: Initializing ProtocolHandler ["http-bio-8080"]
Oct 30, 2012 8:48:26 PM org.apache.coyote.AbstractProtocol init
SEVERE: Failed to initialize end point associated with ProtocolHandler ["http-bio-8080"]
java.net.BindException: Address already in use <null>:8080
	at org.apache.tomcat.util.net.JIoEndpoint.bind(JIoEndpoint.java:406)
	at org.apache.tomcat.util.net.AbstractEndpoint.init(AbstractEndpoint.java:610)
	at org.apache.coyote.AbstractProtocol.init(AbstractProtocol.java:429)
	at org.apache.coyote.http11.AbstractHttp11JsseProtocol.init(AbstractHttp11JsseProtocol.java:119)
	at org.apache.catalina.connector.Connector.initInternal(Connector.java:981)
	at org.apache.catalina.util.LifecycleBase.init(LifecycleBase.java:102)
	at org.apache.catalina.core.StandardService.initInternal(StandardService.java:559)
	at org.apache.catalina.util.LifecycleBase.init(LifecycleBase.java:102)
	at org.apache.catalina.core.StandardServer.initInternal(StandardServer.java:814)
	at org.apache.catalina.util.LifecycleBase.init(LifecycleBase.java:102)
	at org.apache.catalina.startup.Catalina.load(Catalina.java:633)
	at org.apache.catalina.startup.Catalina.load(Catalina.java:658)
	at sun.reflect.NativeMethodAccessorImpl.invoke0(Native Method)
	at sun.reflect.NativeMethodAccessorImpl.invoke(NativeMethodAccessorImpl.java:57)
	at sun.reflect.DelegatingMethodAccessorImpl.invoke(DelegatingMethodAccessorImpl.java:43)
	at java.lang.reflect.Method.invoke(Method.java:601)
	at org.apache.catalina.startup.Bootstrap.load(Bootstrap.java:281)
	at org.apache.catalina.startup.Bootstrap.main(Bootstrap.java:450)
Caused by: java.net.BindException: Address already in use
	at java.net.PlainSocketImpl.socketBind(Native Method)
	at java.net.AbstractPlainSocketImpl.bind(AbstractPlainSocketImpl.java:376)
	at java.net.ServerSocket.bind(ServerSocket.java:376)
	at java.net.ServerSocket.<init>(ServerSocket.java:237)
	at java.net.ServerSocket.<init>(ServerSocket.java:181)
	at org.apache.tomcat.util.net.DefaultServerSocketFactory.createSocket(DefaultServerSocketFactory.java:49)
	at org.apache.tomcat.util.net.JIoEndpoint.bind(JIoEndpoint.java:393)
	... 17 more

Oct 30, 2012 8:48:26 PM org.apache.catalina.core.StandardService initInternal
SEVERE: Failed to initialize connector [Connector[HTTP/1.1-8080]]
org.apache.catalina.LifecycleException: Failed to initialize component [Connector[HTTP/1.1-8080]]
	at org.apache.catalina.util.LifecycleBase.init(LifecycleBase.java:106)
	at org.apache.catalina.core.StandardService.initInternal(StandardService.java:559)
	at org.apache.catalina.util.LifecycleBase.init(LifecycleBase.java:102)
	at org.apache.catalina.core.StandardServer.initInternal(StandardServer.java:814)
	at org.apache.catalina.util.LifecycleBase.init(LifecycleBase.java:102)
	at org.apache.catalina.startup.Catalina.load(Catalina.java:633)
	at org.apache.catalina.startup.Catalina.load(Catalina.java:658)
	at sun.reflect.NativeMethodAccessorImpl.invoke0(Native Method)
	at sun.reflect.NativeMethodAccessorImpl.invoke(NativeMethodAccessorImpl.java:57)
	at sun.reflect.DelegatingMethodAccessorImpl.invoke(DelegatingMethodAccessorImpl.java:43)
	at java.lang.reflect.Method.invoke(Method.java:601)
	at org.apache.catalina.startup.Bootstrap.load(Bootstrap.java:281)
	at org.apache.catalina.startup.Bootstrap.main(Bootstrap.java:450)
Caused by: org.apache.catalina.LifecycleException: Protocol handler initialization failed
	at org.apache.catalina.connector.Connector.initInternal(Connector.java:983)
	at org.apache.catalina.util.LifecycleBase.init(LifecycleBase.java:102)
	... 12 more
Caused by: java.net.BindException: Address already in use <null>:8080
	at org.apache.tomcat.util.net.JIoEndpoint.bind(JIoEndpoint.java:406)
	at org.apache.tomcat.util.net.AbstractEndpoint.init(AbstractEndpoint.java:610)
	at org.apache.coyote.AbstractProtocol.init(AbstractProtocol.java:429)
	at org.apache.coyote.http11.AbstractHttp11JsseProtocol.init(AbstractHttp11JsseProtocol.java:119)
	at org.apache.catalina.connector.Connector.initInternal(Connector.java:981)
	... 13 more
Caused by: java.net.BindException: Address already in use
	at java.net.PlainSocketImpl.socketBind(Native Method)
	at java.net.AbstractPlainSocketImpl.bind(AbstractPlainSocketImpl.java:376)
	at java.net.ServerSocket.bind(ServerSocket.java:376)
	at java.net.ServerSocket.<init>(ServerSocket.java:237)
	at java.net.ServerSocket.<init>(ServerSocket.java:181)
	at org.apache.tomcat.util.net.DefaultServerSocketFactory.createSocket(DefaultServerSocketFactory.java:49)
	at org.apache.tomcat.util.net.JIoEndpoint.bind(JIoEndpoint.java:393)
	... 17 more

Oct 30, 2012 8:48:26 PM org.apache.coyote.AbstractProtocol init
INFO: Initializing ProtocolHandler ["ajp-bio-8009"]
Oct 30, 2012 8:48:26 PM org.apache.coyote.AbstractProtocol init
SEVERE: Failed to initialize end point associated with ProtocolHandler ["ajp-bio-8009"]
java.net.BindException: Address already in use <null>:8009
	at org.apache.tomcat.util.net.JIoEndpoint.bind(JIoEndpoint.java:406)
	at org.apache.tomcat.util.net.AbstractEndpoint.init(AbstractEndpoint.java:610)
	at org.apache.coyote.AbstractProtocol.init(AbstractProtocol.java:429)
	at org.apache.catalina.connector.Connector.initInternal(Connector.java:981)
	at org.apache.catalina.util.LifecycleBase.init(LifecycleBase.java:102)
	at org.apache.catalina.core.StandardService.initInternal(StandardService.java:559)
	at org.apache.catalina.util.LifecycleBase.init(LifecycleBase.java:102)
	at org.apache.catalina.core.StandardServer.initInternal(StandardServer.java:814)
	at org.apache.catalina.util.LifecycleBase.init(LifecycleBase.java:102)
	at org.apache.catalina.startup.Catalina.load(Catalina.java:633)
	at org.apache.catalina.startup.Catalina.load(Catalina.java:658)
	at sun.reflect.NativeMethodAccessorImpl.invoke0(Native Method)
	at sun.reflect.NativeMethodAccessorImpl.invoke(NativeMethodAccessorImpl.java:57)
	at sun.reflect.DelegatingMethodAccessorImpl.invoke(DelegatingMethodAccessorImpl.java:43)
	at java.lang.reflect.Method.invoke(Method.java:601)
	at org.apache.catalina.startup.Bootstrap.load(Bootstrap.java:281)
	at org.apache.catalina.startup.Bootstrap.main(Bootstrap.java:450)
Caused by: java.net.BindException: Address already in use
	at java.net.PlainSocketImpl.socketBind(Native Method)
	at java.net.AbstractPlainSocketImpl.bind(AbstractPlainSocketImpl.java:376)
	at java.net.ServerSocket.bind(ServerSocket.java:376)
	at java.net.ServerSocket.<init>(ServerSocket.java:237)
	at java.net.ServerSocket.<init>(ServerSocket.java:181)
	at org.apache.tomcat.util.net.DefaultServerSocketFactory.createSocket(DefaultServerSocketFactory.java:49)
	at org.apache.tomcat.util.net.JIoEndpoint.bind(JIoEndpoint.java:393)
	... 16 more

Oct 30, 2012 8:48:26 PM org.apache.catalina.core.StandardService initInternal
SEVERE: Failed to initialize connector [Connector[AJP/1.3-8009]]
org.apache.catalina.LifecycleException: Failed to initialize component [Connector[AJP/1.3-8009]]
	at org.apache.catalina.util.LifecycleBase.init(LifecycleBase.java:106)
	at org.apache.catalina.core.StandardService.initInternal(StandardService.java:559)
	at org.apache.catalina.util.LifecycleBase.init(LifecycleBase.java:102)
	at org.apache.catalina.core.StandardServer.initInternal(StandardServer.java:814)
	at org.apache.catalina.util.LifecycleBase.init(LifecycleBase.java:102)
	at org.apache.catalina.startup.Catalina.load(Catalina.java:633)
	at org.apache.catalina.startup.Catalina.load(Catalina.java:658)
	at sun.reflect.NativeMethodAccessorImpl.invoke0(Native Method)
	at sun.reflect.NativeMethodAccessorImpl.invoke(NativeMethodAccessorImpl.java:57)
	at sun.reflect.DelegatingMethodAccessorImpl.invoke(DelegatingMethodAccessorImpl.java:43)
	at java.lang.reflect.Method.invoke(Method.java:601)
	at org.apache.catalina.startup.Bootstrap.load(Bootstrap.java:281)
	at org.apache.catalina.startup.Bootstrap.main(Bootstrap.java:450)
Caused by: org.apache.catalina.LifecycleException: Protocol handler initialization failed
	at org.apache.catalina.connector.Connector.initInternal(Connector.java:983)
	at org.apache.catalina.util.LifecycleBase.init(LifecycleBase.java:102)
	... 12 more
Caused by: java.net.BindException: Address already in use <null>:8009
	at org.apache.tomcat.util.net.JIoEndpoint.bind(JIoEndpoint.java:406)
	at org.apache.tomcat.util.net.AbstractEndpoint.init(AbstractEndpoint.java:610)
	at org.apache.coyote.AbstractProtocol.init(AbstractProtocol.java:429)
	at org.apache.catalina.connector.Connector.initInternal(Connector.java:981)
	... 13 more
Caused by: java.net.BindException: Address already in use
	at java.net.PlainSocketImpl.socketBind(Native Method)
	at java.net.AbstractPlainSocketImpl.bind(AbstractPlainSocketImpl.java:376)
	at java.net.ServerSocket.bind(ServerSocket.java:376)
	at java.net.ServerSocket.<init>(ServerSocket.java:237)
	at java.net.ServerSocket.<init>(ServerSocket.java:181)
	at org.apache.tomcat.util.net.DefaultServerSocketFactory.createSocket(DefaultServerSocketFactory.java:49)
	at org.apache.tomcat.util.net.JIoEndpoint.bind(JIoEndpoint.java:393)
	... 16 more

Oct 30, 2012 8:48:26 PM org.apache.catalina.startup.Catalina load
INFO: Initialization processed in 413 ms
Oct 30, 2012 8:48:26 PM org.apache.catalina.core.StandardService startInternal
INFO: Starting service Catalina
Oct 30, 2012 8:48:26 PM org.apache.catalina.core.StandardEngine startInternal
INFO: Starting Servlet Engine: Apache Tomcat/7.0.32
Oct 30, 2012 8:48:26 PM org.apache.catalina.startup.HostConfig deployWAR
INFO: Deploying web application archive /home/marcos/projetos/apache-tomcat-7.0.32/webapps/globo-0.0.1-SNAPSHOT.war
Oct 30, 2012 8:48:26 PM org.apache.catalina.loader.WebappClassLoader validateJarFile
INFO: validateJarFile(/home/marcos/projetos/apache-tomcat-7.0.32/webapps/globo-0.0.1-SNAPSHOT/WEB-INF/lib/servlet-api-2.5-20081211.jar) - jar not loaded. See Servlet Spec 2.3, section 9.7.2. Offending class: javax/servlet/Servlet.class
Oct 30, 2012 8:48:26 PM org.apache.catalina.loader.WebappClassLoader validateJarFile
INFO: validateJarFile(/home/marcos/projetos/apache-tomcat-7.0.32/webapps/globo-0.0.1-SNAPSHOT/WEB-INF/lib/servlet-api-2.5.jar) - jar not loaded. See Servlet Spec 2.3, section 9.7.2. Offending class: javax/servlet/Servlet.class
Oct 30, 2012 8:48:28 PM com.sun.jersey.api.core.PackagesResourceConfig init
INFO: Scanning for root resource and provider classes in the packages:
  com.globo.servico
Oct 30, 2012 8:48:28 PM com.sun.jersey.api.core.ScanningResourceConfig logClasses
INFO: Root resource classes found:
  class com.globo.servico.ServicoVotacao
Oct 30, 2012 8:48:28 PM com.sun.jersey.api.core.ScanningResourceConfig init
INFO: No provider classes found.
Oct 30, 2012 8:48:28 PM com.sun.jersey.server.impl.application.WebApplicationImpl _initiate
INFO: Initiating Jersey application, version 'Jersey: 1.14 09/09/2012 07:21 PM'
Oct 30, 2012 8:48:28 PM org.apache.catalina.startup.HostConfig deployDirectory
INFO: Deploying web application directory /home/marcos/projetos/apache-tomcat-7.0.32/webapps/docs
Oct 30, 2012 8:48:28 PM org.apache.catalina.startup.HostConfig deployDirectory
INFO: Deploying web application directory /home/marcos/projetos/apache-tomcat-7.0.32/webapps/ROOT
Oct 30, 2012 8:48:28 PM org.apache.catalina.startup.HostConfig deployDirectory
INFO: Deploying web application directory /home/marcos/projetos/apache-tomcat-7.0.32/webapps/manager
Oct 30, 2012 8:48:28 PM org.apache.catalina.startup.HostConfig deployDirectory
INFO: Deploying web application directory /home/marcos/projetos/apache-tomcat-7.0.32/webapps/examples
Oct 30, 2012 8:48:28 PM org.apache.catalina.startup.HostConfig deployDirectory
INFO: Deploying web application directory /home/marcos/projetos/apache-tomcat-7.0.32/webapps/host-manager
Oct 30, 2012 8:48:28 PM org.apache.catalina.startup.Catalina start
INFO: Server startup in 2653 ms
Oct 30, 2012 8:48:28 PM org.apache.catalina.core.StandardServer await
SEVERE: StandardServer.await: create[localhost:8005]: 
java.net.BindException: Address already in use
	at java.net.PlainSocketImpl.socketBind(Native Method)
	at java.net.AbstractPlainSocketImpl.bind(AbstractPlainSocketImpl.java:376)
	at java.net.ServerSocket.bind(ServerSocket.java:376)
	at java.net.ServerSocket.<init>(ServerSocket.java:237)
	at org.apache.catalina.core.StandardServer.await(StandardServer.java:427)
	at org.apache.catalina.startup.Catalina.await(Catalina.java:766)
	at org.apache.catalina.startup.Catalina.start(Catalina.java:712)
	at sun.reflect.NativeMethodAccessorImpl.invoke0(Native Method)
	at sun.reflect.NativeMethodAccessorImpl.invoke(NativeMethodAccessorImpl.java:57)
	at sun.reflect.DelegatingMethodAccessorImpl.invoke(DelegatingMethodAccessorImpl.java:43)
	at java.lang.reflect.Method.invoke(Method.java:601)
	at org.apache.catalina.startup.Bootstrap.start(Bootstrap.java:322)
	at org.apache.catalina.startup.Bootstrap.main(Bootstrap.java:451)

Oct 30, 2012 8:48:28 PM org.apache.coyote.AbstractProtocol pause
INFO: Pausing ProtocolHandler ["http-bio-8080"]
Oct 30, 2012 8:48:28 PM org.apache.coyote.AbstractProtocol pause
INFO: Pausing ProtocolHandler ["ajp-bio-8009"]
Oct 30, 2012 8:48:28 PM org.apache.catalina.core.StandardService stopInternal
INFO: Stopping service Catalina
Oct 30, 2012 8:48:28 PM org.apache.catalina.loader.WebappClassLoader checkThreadLocalMapForLeaks
SEVERE: The web application [/globo-0.0.1-SNAPSHOT] created a ThreadLocal with key of type [com.sun.xml.bind.v2.ClassFactory$1] (value [com.sun.xml.bind.v2.ClassFactory$1@60b2082a]) and a value of type [java.util.WeakHashMap] (value [{class javax.xml.bind.annotation.W3CDomHandler=java.lang.ref.WeakReference@48362efe}]) but failed to remove it when the web application was stopped. Threads are going to be renewed over time to try and avoid a probable memory leak.
Oct 30, 2012 8:48:28 PM org.apache.coyote.AbstractProtocol stop
INFO: Stopping ProtocolHandler ["http-bio-8080"]
Oct 30, 2012 8:48:28 PM org.apache.coyote.AbstractProtocol destroy
INFO: Destroying ProtocolHandler ["http-bio-8080"]
Oct 30, 2012 8:48:28 PM org.apache.coyote.AbstractProtocol stop
INFO: Stopping ProtocolHandler ["ajp-bio-8009"]
Oct 30, 2012 8:48:28 PM org.apache.coyote.AbstractProtocol destroy
INFO: Destroying ProtocolHandler ["ajp-bio-8009"]
Oct 30, 2012 8:48:54 PM org.apache.catalina.startup.HostConfig deleteRedeployResources
INFO: Undeploying context [/globo-0.0.1-SNAPSHOT]
Oct 30, 2012 8:49:04 PM org.apache.catalina.startup.HostConfig deployWAR
INFO: Deploying web application archive /home/marcos/projetos/apache-tomcat-7.0.32/webapps/globo.war
Oct 30, 2012 8:49:05 PM org.apache.catalina.loader.WebappClassLoader validateJarFile
INFO: validateJarFile(/home/marcos/projetos/apache-tomcat-7.0.32/webapps/globo/WEB-INF/lib/servlet-api-2.5-20081211.jar) - jar not loaded. See Servlet Spec 2.3, section 9.7.2. Offending class: javax/servlet/Servlet.class
Oct 30, 2012 8:49:05 PM org.apache.catalina.loader.WebappClassLoader validateJarFile
INFO: validateJarFile(/home/marcos/projetos/apache-tomcat-7.0.32/webapps/globo/WEB-INF/lib/servlet-api-2.5.jar) - jar not loaded. See Servlet Spec 2.3, section 9.7.2. Offending class: javax/servlet/Servlet.class
Oct 30, 2012 8:49:05 PM com.sun.jersey.api.core.PackagesResourceConfig init
INFO: Scanning for root resource and provider classes in the packages:
  com.globo.servico
Oct 30, 2012 8:49:05 PM com.sun.jersey.api.core.ScanningResourceConfig logClasses
INFO: Root resource classes found:
  class com.globo.servico.ServicoVotacao
Oct 30, 2012 8:49:05 PM com.sun.jersey.api.core.ScanningResourceConfig init
INFO: No provider classes found.
Oct 30, 2012 8:49:05 PM com.sun.jersey.server.impl.application.WebApplicationImpl _initiate
INFO: Initiating Jersey application, version 'Jersey: 1.14 09/09/2012 07:21 PM'
Oct 30, 2012 8:49:08 PM org.apache.catalina.core.AprLifecycleListener init
INFO: The APR based Apache Tomcat Native library which allows optimal performance in production environments was not found on the java.library.path: /usr/java/packages/lib/amd64:/usr/lib64:/lib64:/lib:/usr/lib
Oct 30, 2012 8:49:08 PM org.apache.coyote.AbstractProtocol init
INFO: Initializing ProtocolHandler ["http-bio-8080"]
Oct 30, 2012 8:49:08 PM org.apache.coyote.AbstractProtocol init
SEVERE: Failed to initialize end point associated with ProtocolHandler ["http-bio-8080"]
java.net.BindException: Address already in use <null>:8080
	at org.apache.tomcat.util.net.JIoEndpoint.bind(JIoEndpoint.java:406)
	at org.apache.tomcat.util.net.AbstractEndpoint.init(AbstractEndpoint.java:610)
	at org.apache.coyote.AbstractProtocol.init(AbstractProtocol.java:429)
	at org.apache.coyote.http11.AbstractHttp11JsseProtocol.init(AbstractHttp11JsseProtocol.java:119)
	at org.apache.catalina.connector.Connector.initInternal(Connector.java:981)
	at org.apache.catalina.util.LifecycleBase.init(LifecycleBase.java:102)
	at org.apache.catalina.core.StandardService.initInternal(StandardService.java:559)
	at org.apache.catalina.util.LifecycleBase.init(LifecycleBase.java:102)
	at org.apache.catalina.core.StandardServer.initInternal(StandardServer.java:814)
	at org.apache.catalina.util.LifecycleBase.init(LifecycleBase.java:102)
	at org.apache.catalina.startup.Catalina.load(Catalina.java:633)
	at org.apache.catalina.startup.Catalina.load(Catalina.java:658)
	at sun.reflect.NativeMethodAccessorImpl.invoke0(Native Method)
	at sun.reflect.NativeMethodAccessorImpl.invoke(NativeMethodAccessorImpl.java:57)
	at sun.reflect.DelegatingMethodAccessorImpl.invoke(DelegatingMethodAccessorImpl.java:43)
	at java.lang.reflect.Method.invoke(Method.java:601)
	at org.apache.catalina.startup.Bootstrap.load(Bootstrap.java:281)
	at org.apache.catalina.startup.Bootstrap.main(Bootstrap.java:450)
Caused by: java.net.BindException: Address already in use
	at java.net.PlainSocketImpl.socketBind(Native Method)
	at java.net.AbstractPlainSocketImpl.bind(AbstractPlainSocketImpl.java:376)
	at java.net.ServerSocket.bind(ServerSocket.java:376)
	at java.net.ServerSocket.<init>(ServerSocket.java:237)
	at java.net.ServerSocket.<init>(ServerSocket.java:181)
	at org.apache.tomcat.util.net.DefaultServerSocketFactory.createSocket(DefaultServerSocketFactory.java:49)
	at org.apache.tomcat.util.net.JIoEndpoint.bind(JIoEndpoint.java:393)
	... 17 more

Oct 30, 2012 8:49:08 PM org.apache.catalina.core.StandardService initInternal
SEVERE: Failed to initialize connector [Connector[HTTP/1.1-8080]]
org.apache.catalina.LifecycleException: Failed to initialize component [Connector[HTTP/1.1-8080]]
	at org.apache.catalina.util.LifecycleBase.init(LifecycleBase.java:106)
	at org.apache.catalina.core.StandardService.initInternal(StandardService.java:559)
	at org.apache.catalina.util.LifecycleBase.init(LifecycleBase.java:102)
	at org.apache.catalina.core.StandardServer.initInternal(StandardServer.java:814)
	at org.apache.catalina.util.LifecycleBase.init(LifecycleBase.java:102)
	at org.apache.catalina.startup.Catalina.load(Catalina.java:633)
	at org.apache.catalina.startup.Catalina.load(Catalina.java:658)
	at sun.reflect.NativeMethodAccessorImpl.invoke0(Native Method)
	at sun.reflect.NativeMethodAccessorImpl.invoke(NativeMethodAccessorImpl.java:57)
	at sun.reflect.DelegatingMethodAccessorImpl.invoke(DelegatingMethodAccessorImpl.java:43)
	at java.lang.reflect.Method.invoke(Method.java:601)
	at org.apache.catalina.startup.Bootstrap.load(Bootstrap.java:281)
	at org.apache.catalina.startup.Bootstrap.main(Bootstrap.java:450)
Caused by: org.apache.catalina.LifecycleException: Protocol handler initialization failed
	at org.apache.catalina.connector.Connector.initInternal(Connector.java:983)
	at org.apache.catalina.util.LifecycleBase.init(LifecycleBase.java:102)
	... 12 more
Caused by: java.net.BindException: Address already in use <null>:8080
	at org.apache.tomcat.util.net.JIoEndpoint.bind(JIoEndpoint.java:406)
	at org.apache.tomcat.util.net.AbstractEndpoint.init(AbstractEndpoint.java:610)
	at org.apache.coyote.AbstractProtocol.init(AbstractProtocol.java:429)
	at org.apache.coyote.http11.AbstractHttp11JsseProtocol.init(AbstractHttp11JsseProtocol.java:119)
	at org.apache.catalina.connector.Connector.initInternal(Connector.java:981)
	... 13 more
Caused by: java.net.BindException: Address already in use
	at java.net.PlainSocketImpl.socketBind(Native Method)
	at java.net.AbstractPlainSocketImpl.bind(AbstractPlainSocketImpl.java:376)
	at java.net.ServerSocket.bind(ServerSocket.java:376)
	at java.net.ServerSocket.<init>(ServerSocket.java:237)
	at java.net.ServerSocket.<init>(ServerSocket.java:181)
	at org.apache.tomcat.util.net.DefaultServerSocketFactory.createSocket(DefaultServerSocketFactory.java:49)
	at org.apache.tomcat.util.net.JIoEndpoint.bind(JIoEndpoint.java:393)
	... 17 more

Oct 30, 2012 8:49:08 PM org.apache.coyote.AbstractProtocol init
INFO: Initializing ProtocolHandler ["ajp-bio-8009"]
Oct 30, 2012 8:49:08 PM org.apache.coyote.AbstractProtocol init
SEVERE: Failed to initialize end point associated with ProtocolHandler ["ajp-bio-8009"]
java.net.BindException: Address already in use <null>:8009
	at org.apache.tomcat.util.net.JIoEndpoint.bind(JIoEndpoint.java:406)
	at org.apache.tomcat.util.net.AbstractEndpoint.init(AbstractEndpoint.java:610)
	at org.apache.coyote.AbstractProtocol.init(AbstractProtocol.java:429)
	at org.apache.catalina.connector.Connector.initInternal(Connector.java:981)
	at org.apache.catalina.util.LifecycleBase.init(LifecycleBase.java:102)
	at org.apache.catalina.core.StandardService.initInternal(StandardService.java:559)
	at org.apache.catalina.util.LifecycleBase.init(LifecycleBase.java:102)
	at org.apache.catalina.core.StandardServer.initInternal(StandardServer.java:814)
	at org.apache.catalina.util.LifecycleBase.init(LifecycleBase.java:102)
	at org.apache.catalina.startup.Catalina.load(Catalina.java:633)
	at org.apache.catalina.startup.Catalina.load(Catalina.java:658)
	at sun.reflect.NativeMethodAccessorImpl.invoke0(Native Method)
	at sun.reflect.NativeMethodAccessorImpl.invoke(NativeMethodAccessorImpl.java:57)
	at sun.reflect.DelegatingMethodAccessorImpl.invoke(DelegatingMethodAccessorImpl.java:43)
	at java.lang.reflect.Method.invoke(Method.java:601)
	at org.apache.catalina.startup.Bootstrap.load(Bootstrap.java:281)
	at org.apache.catalina.startup.Bootstrap.main(Bootstrap.java:450)
Caused by: java.net.BindException: Address already in use
	at java.net.PlainSocketImpl.socketBind(Native Method)
	at java.net.AbstractPlainSocketImpl.bind(AbstractPlainSocketImpl.java:376)
	at java.net.ServerSocket.bind(ServerSocket.java:376)
	at java.net.ServerSocket.<init>(ServerSocket.java:237)
	at java.net.ServerSocket.<init>(ServerSocket.java:181)
	at org.apache.tomcat.util.net.DefaultServerSocketFactory.createSocket(DefaultServerSocketFactory.java:49)
	at org.apache.tomcat.util.net.JIoEndpoint.bind(JIoEndpoint.java:393)
	... 16 more

Oct 30, 2012 8:49:08 PM org.apache.catalina.core.StandardService initInternal
SEVERE: Failed to initialize connector [Connector[AJP/1.3-8009]]
org.apache.catalina.LifecycleException: Failed to initialize component [Connector[AJP/1.3-8009]]
	at org.apache.catalina.util.LifecycleBase.init(LifecycleBase.java:106)
	at org.apache.catalina.core.StandardService.initInternal(StandardService.java:559)
	at org.apache.catalina.util.LifecycleBase.init(LifecycleBase.java:102)
	at org.apache.catalina.core.StandardServer.initInternal(StandardServer.java:814)
	at org.apache.catalina.util.LifecycleBase.init(LifecycleBase.java:102)
	at org.apache.catalina.startup.Catalina.load(Catalina.java:633)
	at org.apache.catalina.startup.Catalina.load(Catalina.java:658)
	at sun.reflect.NativeMethodAccessorImpl.invoke0(Native Method)
	at sun.reflect.NativeMethodAccessorImpl.invoke(NativeMethodAccessorImpl.java:57)
	at sun.reflect.DelegatingMethodAccessorImpl.invoke(DelegatingMethodAccessorImpl.java:43)
	at java.lang.reflect.Method.invoke(Method.java:601)
	at org.apache.catalina.startup.Bootstrap.load(Bootstrap.java:281)
	at org.apache.catalina.startup.Bootstrap.main(Bootstrap.java:450)
Caused by: org.apache.catalina.LifecycleException: Protocol handler initialization failed
	at org.apache.catalina.connector.Connector.initInternal(Connector.java:983)
	at org.apache.catalina.util.LifecycleBase.init(LifecycleBase.java:102)
	... 12 more
Caused by: java.net.BindException: Address already in use <null>:8009
	at org.apache.tomcat.util.net.JIoEndpoint.bind(JIoEndpoint.java:406)
	at org.apache.tomcat.util.net.AbstractEndpoint.init(AbstractEndpoint.java:610)
	at org.apache.coyote.AbstractProtocol.init(AbstractProtocol.java:429)
	at org.apache.catalina.connector.Connector.initInternal(Connector.java:981)
	... 13 more
Caused by: java.net.BindException: Address already in use
	at java.net.PlainSocketImpl.socketBind(Native Method)
	at java.net.AbstractPlainSocketImpl.bind(AbstractPlainSocketImpl.java:376)
	at java.net.ServerSocket.bind(ServerSocket.java:376)
	at java.net.ServerSocket.<init>(ServerSocket.java:237)
	at java.net.ServerSocket.<init>(ServerSocket.java:181)
	at org.apache.tomcat.util.net.DefaultServerSocketFactory.createSocket(DefaultServerSocketFactory.java:49)
	at org.apache.tomcat.util.net.JIoEndpoint.bind(JIoEndpoint.java:393)
	... 16 more

Oct 30, 2012 8:49:08 PM org.apache.catalina.startup.Catalina load
INFO: Initialization processed in 424 ms
Oct 30, 2012 8:49:08 PM org.apache.catalina.core.StandardService startInternal
INFO: Starting service Catalina
Oct 30, 2012 8:49:08 PM org.apache.catalina.core.StandardEngine startInternal
INFO: Starting Servlet Engine: Apache Tomcat/7.0.32
Oct 30, 2012 8:49:08 PM org.apache.catalina.startup.HostConfig deployWAR
INFO: Deploying web application archive /home/marcos/projetos/apache-tomcat-7.0.32/webapps/globo.war
Oct 30, 2012 8:49:08 PM org.apache.catalina.loader.WebappClassLoader validateJarFile
INFO: validateJarFile(/home/marcos/projetos/apache-tomcat-7.0.32/webapps/globo/WEB-INF/lib/servlet-api-2.5-20081211.jar) - jar not loaded. See Servlet Spec 2.3, section 9.7.2. Offending class: javax/servlet/Servlet.class
Oct 30, 2012 8:49:08 PM org.apache.catalina.loader.WebappClassLoader validateJarFile
INFO: validateJarFile(/home/marcos/projetos/apache-tomcat-7.0.32/webapps/globo/WEB-INF/lib/servlet-api-2.5.jar) - jar not loaded. See Servlet Spec 2.3, section 9.7.2. Offending class: javax/servlet/Servlet.class
Oct 30, 2012 8:49:10 PM com.sun.jersey.api.core.PackagesResourceConfig init
INFO: Scanning for root resource and provider classes in the packages:
  com.globo.servico
Oct 30, 2012 8:49:10 PM com.sun.jersey.api.core.ScanningResourceConfig logClasses
INFO: Root resource classes found:
  class com.globo.servico.ServicoVotacao
Oct 30, 2012 8:49:10 PM com.sun.jersey.api.core.ScanningResourceConfig init
INFO: No provider classes found.
Oct 30, 2012 8:49:10 PM com.sun.jersey.server.impl.application.WebApplicationImpl _initiate
INFO: Initiating Jersey application, version 'Jersey: 1.14 09/09/2012 07:21 PM'
Oct 30, 2012 8:49:10 PM org.apache.catalina.startup.HostConfig deployDirectory
INFO: Deploying web application directory /home/marcos/projetos/apache-tomcat-7.0.32/webapps/docs
Oct 30, 2012 8:49:10 PM org.apache.catalina.startup.HostConfig deployDirectory
INFO: Deploying web application directory /home/marcos/projetos/apache-tomcat-7.0.32/webapps/ROOT
Oct 30, 2012 8:49:10 PM org.apache.catalina.startup.HostConfig deployDirectory
INFO: Deploying web application directory /home/marcos/projetos/apache-tomcat-7.0.32/webapps/manager
Oct 30, 2012 8:49:10 PM org.apache.catalina.startup.HostConfig deployDirectory
INFO: Deploying web application directory /home/marcos/projetos/apache-tomcat-7.0.32/webapps/examples
Oct 30, 2012 8:49:10 PM org.apache.catalina.startup.HostConfig deployDirectory
INFO: Deploying web application directory /home/marcos/projetos/apache-tomcat-7.0.32/webapps/host-manager
Oct 30, 2012 8:49:10 PM org.apache.catalina.startup.Catalina start
INFO: Server startup in 2559 ms
Oct 30, 2012 8:49:10 PM org.apache.catalina.core.StandardServer await
SEVERE: StandardServer.await: create[localhost:8005]: 
java.net.BindException: Address already in use
	at java.net.PlainSocketImpl.socketBind(Native Method)
	at java.net.AbstractPlainSocketImpl.bind(AbstractPlainSocketImpl.java:376)
	at java.net.ServerSocket.bind(ServerSocket.java:376)
	at java.net.ServerSocket.<init>(ServerSocket.java:237)
	at org.apache.catalina.core.StandardServer.await(StandardServer.java:427)
	at org.apache.catalina.startup.Catalina.await(Catalina.java:766)
	at org.apache.catalina.startup.Catalina.start(Catalina.java:712)
	at sun.reflect.NativeMethodAccessorImpl.invoke0(Native Method)
	at sun.reflect.NativeMethodAccessorImpl.invoke(NativeMethodAccessorImpl.java:57)
	at sun.reflect.DelegatingMethodAccessorImpl.invoke(DelegatingMethodAccessorImpl.java:43)
	at java.lang.reflect.Method.invoke(Method.java:601)
	at org.apache.catalina.startup.Bootstrap.start(Bootstrap.java:322)
	at org.apache.catalina.startup.Bootstrap.main(Bootstrap.java:451)

Oct 30, 2012 8:49:10 PM org.apache.coyote.AbstractProtocol pause
INFO: Pausing ProtocolHandler ["http-bio-8080"]
Oct 30, 2012 8:49:10 PM org.apache.coyote.AbstractProtocol pause
INFO: Pausing ProtocolHandler ["ajp-bio-8009"]
Oct 30, 2012 8:49:10 PM org.apache.catalina.core.StandardService stopInternal
INFO: Stopping service Catalina
Oct 30, 2012 8:49:10 PM org.apache.catalina.loader.WebappClassLoader checkThreadLocalMapForLeaks
SEVERE: The web application [/globo] created a ThreadLocal with key of type [com.sun.xml.bind.v2.ClassFactory$1] (value [com.sun.xml.bind.v2.ClassFactory$1@3d733a78]) and a value of type [java.util.WeakHashMap] (value [{class javax.xml.bind.annotation.W3CDomHandler=java.lang.ref.WeakReference@5803bbcc}]) but failed to remove it when the web application was stopped. Threads are going to be renewed over time to try and avoid a probable memory leak.
Oct 30, 2012 8:49:10 PM org.apache.coyote.AbstractProtocol stop
INFO: Stopping ProtocolHandler ["http-bio-8080"]
Oct 30, 2012 8:49:10 PM org.apache.coyote.AbstractProtocol destroy
INFO: Destroying ProtocolHandler ["http-bio-8080"]
Oct 30, 2012 8:49:10 PM org.apache.coyote.AbstractProtocol stop
INFO: Stopping ProtocolHandler ["ajp-bio-8009"]
Oct 30, 2012 8:49:10 PM org.apache.coyote.AbstractProtocol destroy
INFO: Destroying ProtocolHandler ["ajp-bio-8009"]
Oct 30, 2012 9:02:26 PM org.apache.catalina.startup.HostConfig deleteRedeployResources
INFO: Undeploying context [/globo]
Oct 30, 2012 9:02:26 PM org.apache.catalina.startup.HostConfig deployWAR
INFO: Deploying web application archive /home/marcos/projetos/apache-tomcat-7.0.32/webapps/globo.war
Oct 30, 2012 9:02:26 PM org.apache.catalina.loader.WebappClassLoader validateJarFile
INFO: validateJarFile(/home/marcos/projetos/apache-tomcat-7.0.32/webapps/globo/WEB-INF/lib/servlet-api-2.5-20081211.jar) - jar not loaded. See Servlet Spec 2.3, section 9.7.2. Offending class: javax/servlet/Servlet.class
Oct 30, 2012 9:02:26 PM org.apache.catalina.loader.WebappClassLoader validateJarFile
INFO: validateJarFile(/home/marcos/projetos/apache-tomcat-7.0.32/webapps/globo/WEB-INF/lib/servlet-api-2.5.jar) - jar not loaded. See Servlet Spec 2.3, section 9.7.2. Offending class: javax/servlet/Servlet.class
Oct 30, 2012 9:02:27 PM com.sun.jersey.api.core.PackagesResourceConfig init
INFO: Scanning for root resource and provider classes in the packages:
  com.globo.servico
Oct 30, 2012 9:02:27 PM com.sun.jersey.api.core.ScanningResourceConfig logClasses
INFO: Root resource classes found:
  class com.globo.servico.ServicoVotacao
Oct 30, 2012 9:02:27 PM com.sun.jersey.api.core.ScanningResourceConfig init
INFO: No provider classes found.
Oct 30, 2012 9:02:27 PM com.sun.jersey.server.impl.application.WebApplicationImpl _initiate
INFO: Initiating Jersey application, version 'Jersey: 1.14 09/09/2012 07:21 PM'
Oct 30, 2012 9:07:30 PM org.apache.catalina.core.StandardServer await
INFO: A valid shutdown command was received via the shutdown port. Stopping the Server instance.
Oct 30, 2012 9:07:30 PM org.apache.coyote.AbstractProtocol pause
INFO: Pausing ProtocolHandler ["http-bio-8080"]
Oct 30, 2012 9:07:30 PM org.apache.coyote.AbstractProtocol pause
INFO: Pausing ProtocolHandler ["ajp-bio-8009"]
Oct 30, 2012 9:07:30 PM org.apache.catalina.core.StandardService stopInternal
INFO: Stopping service Catalina
Oct 30, 2012 9:07:30 PM org.apache.coyote.AbstractProtocol stop
INFO: Stopping ProtocolHandler ["http-bio-8080"]
Oct 30, 2012 9:07:30 PM org.apache.coyote.AbstractProtocol stop
INFO: Stopping ProtocolHandler ["ajp-bio-8009"]
Oct 30, 2012 9:07:30 PM org.apache.coyote.AbstractProtocol destroy
INFO: Destroying ProtocolHandler ["http-bio-8080"]
Oct 30, 2012 9:07:30 PM org.apache.coyote.AbstractProtocol destroy
INFO: Destroying ProtocolHandler ["ajp-bio-8009"]
Oct 30, 2012 9:11:48 PM org.apache.catalina.core.AprLifecycleListener init
INFO: The APR based Apache Tomcat Native library which allows optimal performance in production environments was not found on the java.library.path: /usr/java/packages/lib/amd64:/usr/lib64:/lib64:/lib:/usr/lib
Oct 30, 2012 9:11:48 PM org.apache.coyote.AbstractProtocol init
INFO: Initializing ProtocolHandler ["http-bio-8080"]
Oct 30, 2012 9:11:48 PM org.apache.coyote.AbstractProtocol init
INFO: Initializing ProtocolHandler ["ajp-bio-8009"]
Oct 30, 2012 9:11:48 PM org.apache.catalina.startup.Catalina load
INFO: Initialization processed in 402 ms
Oct 30, 2012 9:11:48 PM org.apache.catalina.core.StandardService startInternal
INFO: Starting service Catalina
Oct 30, 2012 9:11:48 PM org.apache.catalina.core.StandardEngine startInternal
INFO: Starting Servlet Engine: Apache Tomcat/7.0.32
Oct 30, 2012 9:11:48 PM org.apache.catalina.startup.HostConfig deployWAR
INFO: Deploying web application archive /home/marcos/projetos/apache-tomcat-7.0.32/webapps/globo.war
Oct 30, 2012 9:11:48 PM org.apache.catalina.loader.WebappClassLoader validateJarFile
INFO: validateJarFile(/home/marcos/projetos/apache-tomcat-7.0.32/webapps/globo/WEB-INF/lib/servlet-api-2.5-20081211.jar) - jar not loaded. See Servlet Spec 2.3, section 9.7.2. Offending class: javax/servlet/Servlet.class
Oct 30, 2012 9:11:48 PM org.apache.catalina.loader.WebappClassLoader validateJarFile
INFO: validateJarFile(/home/marcos/projetos/apache-tomcat-7.0.32/webapps/globo/WEB-INF/lib/servlet-api-2.5.jar) - jar not loaded. See Servlet Spec 2.3, section 9.7.2. Offending class: javax/servlet/Servlet.class
Oct 30, 2012 9:11:50 PM com.sun.jersey.api.core.PackagesResourceConfig init
INFO: Scanning for root resource and provider classes in the packages:
  com.globo.servico
Oct 30, 2012 9:11:50 PM com.sun.jersey.api.core.ScanningResourceConfig logClasses
INFO: Root resource classes found:
  class com.globo.servico.ServicoVotacao
Oct 30, 2012 9:11:50 PM com.sun.jersey.api.core.ScanningResourceConfig init
INFO: No provider classes found.
Oct 30, 2012 9:11:50 PM com.sun.jersey.server.impl.application.WebApplicationImpl _initiate
INFO: Initiating Jersey application, version 'Jersey: 1.14 09/09/2012 07:21 PM'
Oct 30, 2012 9:11:50 PM org.apache.catalina.startup.HostConfig deployDirectory
INFO: Deploying web application directory /home/marcos/projetos/apache-tomcat-7.0.32/webapps/docs
Oct 30, 2012 9:11:50 PM org.apache.catalina.startup.HostConfig deployDirectory
INFO: Deploying web application directory /home/marcos/projetos/apache-tomcat-7.0.32/webapps/ROOT
Oct 30, 2012 9:11:50 PM org.apache.catalina.startup.HostConfig deployDirectory
INFO: Deploying web application directory /home/marcos/projetos/apache-tomcat-7.0.32/webapps/manager
Oct 30, 2012 9:11:50 PM org.apache.catalina.startup.HostConfig deployDirectory
INFO: Deploying web application directory /home/marcos/projetos/apache-tomcat-7.0.32/webapps/examples
Oct 30, 2012 9:11:50 PM org.apache.catalina.startup.HostConfig deployDirectory
INFO: Deploying web application directory /home/marcos/projetos/apache-tomcat-7.0.32/webapps/host-manager
Oct 30, 2012 9:11:50 PM org.apache.coyote.AbstractProtocol start
INFO: Starting ProtocolHandler ["http-bio-8080"]
Oct 30, 2012 9:11:50 PM org.apache.coyote.AbstractProtocol start
INFO: Starting ProtocolHandler ["ajp-bio-8009"]
Oct 30, 2012 9:11:50 PM org.apache.catalina.startup.Catalina start
INFO: Server startup in 2592 ms
Oct 30, 2012 9:12:40 PM org.apache.catalina.startup.HostConfig deleteRedeployResources
INFO: Undeploying context [/globo]
Oct 30, 2012 9:12:41 PM org.apache.catalina.startup.HostConfig deployWAR
INFO: Deploying web application archive /home/marcos/projetos/apache-tomcat-7.0.32/webapps/globo.war
Oct 30, 2012 9:12:41 PM org.apache.catalina.loader.WebappClassLoader validateJarFile
INFO: validateJarFile(/home/marcos/projetos/apache-tomcat-7.0.32/webapps/globo/WEB-INF/lib/servlet-api-2.5-20081211.jar) - jar not loaded. See Servlet Spec 2.3, section 9.7.2. Offending class: javax/servlet/Servlet.class
Oct 30, 2012 9:12:41 PM org.apache.catalina.loader.WebappClassLoader validateJarFile
INFO: validateJarFile(/home/marcos/projetos/apache-tomcat-7.0.32/webapps/globo/WEB-INF/lib/servlet-api-2.5.jar) - jar not loaded. See Servlet Spec 2.3, section 9.7.2. Offending class: javax/servlet/Servlet.class
Oct 30, 2012 9:12:42 PM com.sun.jersey.api.core.PackagesResourceConfig init
INFO: Scanning for root resource and provider classes in the packages:
  com.globo.servico
Oct 30, 2012 9:12:42 PM com.sun.jersey.api.core.ScanningResourceConfig logClasses
INFO: Root resource classes found:
  class com.globo.servico.ServicoVotacao
Oct 30, 2012 9:12:42 PM com.sun.jersey.api.core.ScanningResourceConfig init
INFO: No provider classes found.
Oct 30, 2012 9:12:42 PM com.sun.jersey.server.impl.application.WebApplicationImpl _initiate
INFO: Initiating Jersey application, version 'Jersey: 1.14 09/09/2012 07:21 PM'
Oct 30, 2012 9:14:13 PM org.apache.catalina.startup.HostConfig deleteRedeployResources
INFO: Undeploying context [/globo]
Oct 30, 2012 9:15:03 PM org.apache.catalina.startup.HostConfig deployWAR
INFO: Deploying web application archive /home/marcos/projetos/apache-tomcat-7.0.32/webapps/globo.war
Oct 30, 2012 9:15:03 PM org.apache.catalina.loader.WebappClassLoader validateJarFile
INFO: validateJarFile(/home/marcos/projetos/apache-tomcat-7.0.32/webapps/globo/WEB-INF/lib/servlet-api-2.5-20081211.jar) - jar not loaded. See Servlet Spec 2.3, section 9.7.2. Offending class: javax/servlet/Servlet.class
Oct 30, 2012 9:15:03 PM org.apache.catalina.loader.WebappClassLoader validateJarFile
INFO: validateJarFile(/home/marcos/projetos/apache-tomcat-7.0.32/webapps/globo/WEB-INF/lib/servlet-api-2.5.jar) - jar not loaded. See Servlet Spec 2.3, section 9.7.2. Offending class: javax/servlet/Servlet.class
Oct 30, 2012 9:15:04 PM com.sun.jersey.api.core.PackagesResourceConfig init
INFO: Scanning for root resource and provider classes in the packages:
  com.globo.servico
Oct 30, 2012 9:15:04 PM com.sun.jersey.api.core.ScanningResourceConfig logClasses
INFO: Root resource classes found:
  class com.globo.servico.ServicoVotacao
Oct 30, 2012 9:15:04 PM com.sun.jersey.api.core.ScanningResourceConfig init
INFO: No provider classes found.
Oct 30, 2012 9:15:04 PM com.sun.jersey.server.impl.application.WebApplicationImpl _initiate
INFO: Initiating Jersey application, version 'Jersey: 1.14 09/09/2012 07:21 PM'
Oct 30, 2012 9:21:00 PM org.apache.catalina.core.StandardServer await
INFO: A valid shutdown command was received via the shutdown port. Stopping the Server instance.
Oct 30, 2012 9:21:00 PM org.apache.coyote.AbstractProtocol pause
INFO: Pausing ProtocolHandler ["http-bio-8080"]
Oct 30, 2012 9:21:00 PM org.apache.coyote.AbstractProtocol pause
INFO: Pausing ProtocolHandler ["ajp-bio-8009"]
Oct 30, 2012 9:21:00 PM org.apache.catalina.core.StandardService stopInternal
INFO: Stopping service Catalina
Oct 30, 2012 9:21:00 PM org.apache.coyote.AbstractProtocol stop
INFO: Stopping ProtocolHandler ["http-bio-8080"]
Oct 30, 2012 9:21:00 PM org.apache.coyote.AbstractProtocol stop
INFO: Stopping ProtocolHandler ["ajp-bio-8009"]
Oct 30, 2012 9:21:00 PM org.apache.coyote.AbstractProtocol destroy
INFO: Destroying ProtocolHandler ["http-bio-8080"]
Oct 30, 2012 9:21:00 PM org.apache.coyote.AbstractProtocol destroy
INFO: Destroying ProtocolHandler ["ajp-bio-8009"]
Oct 30, 2012 9:26:34 PM org.apache.catalina.core.AprLifecycleListener init
INFO: The APR based Apache Tomcat Native library which allows optimal performance in production environments was not found on the java.library.path: /usr/java/packages/lib/amd64:/usr/lib64:/lib64:/lib:/usr/lib
Oct 30, 2012 9:26:35 PM org.apache.coyote.AbstractProtocol init
INFO: Initializing ProtocolHandler ["http-bio-8080"]
Oct 30, 2012 9:26:35 PM org.apache.coyote.AbstractProtocol init
INFO: Initializing ProtocolHandler ["ajp-bio-8009"]
Oct 30, 2012 9:26:35 PM org.apache.catalina.startup.Catalina load
INFO: Initialization processed in 402 ms
Oct 30, 2012 9:26:35 PM org.apache.catalina.core.StandardService startInternal
INFO: Starting service Catalina
Oct 30, 2012 9:26:35 PM org.apache.catalina.core.StandardEngine startInternal
INFO: Starting Servlet Engine: Apache Tomcat/7.0.32
Oct 30, 2012 9:26:35 PM org.apache.catalina.startup.HostConfig deployWAR
INFO: Deploying web application archive /home/marcos/projetos/apache-tomcat-7.0.32/webapps/globo.war
Oct 30, 2012 9:26:35 PM org.apache.catalina.loader.WebappClassLoader validateJarFile
INFO: validateJarFile(/home/marcos/projetos/apache-tomcat-7.0.32/webapps/globo/WEB-INF/lib/servlet-api-2.5-20081211.jar) - jar not loaded. See Servlet Spec 2.3, section 9.7.2. Offending class: javax/servlet/Servlet.class
Oct 30, 2012 9:26:35 PM org.apache.catalina.loader.WebappClassLoader validateJarFile
INFO: validateJarFile(/home/marcos/projetos/apache-tomcat-7.0.32/webapps/globo/WEB-INF/lib/servlet-api-2.5.jar) - jar not loaded. See Servlet Spec 2.3, section 9.7.2. Offending class: javax/servlet/Servlet.class
Oct 30, 2012 9:26:36 PM com.sun.jersey.api.core.PackagesResourceConfig init
INFO: Scanning for root resource and provider classes in the packages:
  com.globo.servico
Oct 30, 2012 9:26:36 PM com.sun.jersey.api.core.ScanningResourceConfig logClasses
INFO: Root resource classes found:
  class com.globo.servico.ServicoVotacao
Oct 30, 2012 9:26:36 PM com.sun.jersey.api.core.ScanningResourceConfig init
INFO: No provider classes found.
Oct 30, 2012 9:26:36 PM com.sun.jersey.server.impl.application.WebApplicationImpl _initiate
INFO: Initiating Jersey application, version 'Jersey: 1.14 09/09/2012 07:21 PM'
Oct 30, 2012 9:26:37 PM org.apache.catalina.startup.HostConfig deployDirectory
INFO: Deploying web application directory /home/marcos/projetos/apache-tomcat-7.0.32/webapps/docs
Oct 30, 2012 9:26:37 PM org.apache.catalina.startup.HostConfig deployDirectory
INFO: Deploying web application directory /home/marcos/projetos/apache-tomcat-7.0.32/webapps/ROOT
Oct 30, 2012 9:26:37 PM org.apache.catalina.startup.HostConfig deployDirectory
INFO: Deploying web application directory /home/marcos/projetos/apache-tomcat-7.0.32/webapps/manager
Oct 30, 2012 9:26:37 PM org.apache.catalina.startup.HostConfig deployDirectory
INFO: Deploying web application directory /home/marcos/projetos/apache-tomcat-7.0.32/webapps/examples
Oct 30, 2012 9:26:37 PM org.apache.catalina.startup.HostConfig deployDirectory
INFO: Deploying web application directory /home/marcos/projetos/apache-tomcat-7.0.32/webapps/host-manager
Oct 30, 2012 9:26:37 PM org.apache.coyote.AbstractProtocol start
INFO: Starting ProtocolHandler ["http-bio-8080"]
Oct 30, 2012 9:26:37 PM org.apache.coyote.AbstractProtocol start
INFO: Starting ProtocolHandler ["ajp-bio-8009"]
Oct 30, 2012 9:26:37 PM org.apache.catalina.startup.Catalina start
INFO: Server startup in 2599 ms
Oct 30, 2012 9:28:27 PM org.apache.catalina.startup.HostConfig deleteRedeployResources
INFO: Undeploying context [/globo]
Oct 30, 2012 9:28:28 PM org.apache.catalina.startup.HostConfig deployWAR
INFO: Deploying web application archive /home/marcos/projetos/apache-tomcat-7.0.32/webapps/globo.war
Oct 30, 2012 9:28:28 PM org.apache.catalina.loader.WebappClassLoader validateJarFile
INFO: validateJarFile(/home/marcos/projetos/apache-tomcat-7.0.32/webapps/globo/WEB-INF/lib/servlet-api-2.5-20081211.jar) - jar not loaded. See Servlet Spec 2.3, section 9.7.2. Offending class: javax/servlet/Servlet.class
Oct 30, 2012 9:28:28 PM org.apache.catalina.loader.WebappClassLoader validateJarFile
INFO: validateJarFile(/home/marcos/projetos/apache-tomcat-7.0.32/webapps/globo/WEB-INF/lib/servlet-api-2.5.jar) - jar not loaded. See Servlet Spec 2.3, section 9.7.2. Offending class: javax/servlet/Servlet.class
Oct 30, 2012 9:28:29 PM com.sun.jersey.api.core.PackagesResourceConfig init
INFO: Scanning for root resource and provider classes in the packages:
  com.globo.servico
Oct 30, 2012 9:28:29 PM com.sun.jersey.api.core.ScanningResourceConfig logClasses
INFO: Root resource classes found:
  class com.globo.servico.ServicoVotacao
Oct 30, 2012 9:28:29 PM com.sun.jersey.api.core.ScanningResourceConfig init
INFO: No provider classes found.
Oct 30, 2012 9:28:29 PM com.sun.jersey.server.impl.application.WebApplicationImpl _initiate
INFO: Initiating Jersey application, version 'Jersey: 1.14 09/09/2012 07:21 PM'
Oct 30, 2012 9:42:10 PM org.apache.catalina.core.StandardServer await
INFO: A valid shutdown command was received via the shutdown port. Stopping the Server instance.
Oct 30, 2012 9:42:10 PM org.apache.coyote.AbstractProtocol pause
INFO: Pausing ProtocolHandler ["http-bio-8080"]
Oct 30, 2012 9:42:10 PM org.apache.coyote.AbstractProtocol pause
INFO: Pausing ProtocolHandler ["ajp-bio-8009"]
Oct 30, 2012 9:42:10 PM org.apache.catalina.core.StandardService stopInternal
INFO: Stopping service Catalina
Oct 30, 2012 9:42:10 PM org.apache.catalina.loader.WebappClassLoader clearReferencesThreads
SEVERE: The web application [/globo] appears to have started a thread named [pool-1-thread-1] but has failed to stop it. This is very likely to create a memory leak.
Oct 30, 2012 9:42:11 PM org.apache.coyote.AbstractProtocol stop
INFO: Stopping ProtocolHandler ["http-bio-8080"]
Oct 30, 2012 9:42:11 PM org.apache.coyote.AbstractProtocol stop
INFO: Stopping ProtocolHandler ["ajp-bio-8009"]
Oct 30, 2012 9:42:11 PM org.apache.coyote.AbstractProtocol destroy
INFO: Destroying ProtocolHandler ["http-bio-8080"]
Oct 30, 2012 9:42:11 PM org.apache.coyote.AbstractProtocol destroy
INFO: Destroying ProtocolHandler ["ajp-bio-8009"]
